Log file open, 09/04/17 16:40:45
LogWindows: LoadLibraryWithSearchPaths failed for file aqProf.dll. GetLastError=0
LogWindows: LoadLibraryWithSearchPaths failed for file VtuneApi.dll. GetLastError=0
LogWindows: LoadLibraryWithSearchPaths failed for file VtuneApi32e.dll. GetLastError=0
LogInit: Display: Running engine for game: GoogleVRQuickstart
LogPlatformFile: Not using cached read wrapper
LogInit: Display: RandInit(-1751471445) SRandInit(-1751471444).
LogTaskGraph: Started task graph with 5 named threads and 14 total threads with 3 sets of task threads.
LogStats: Stats thread started at 0.176069
LogD3D11RHI: Aftermath initialized
LogPluginManager: Mounting plugin Paper2D
LogPluginManager: Mounting plugin LightPropagationVolume
LogPluginManager: Mounting plugin CodeLiteSourceCodeAccess
LogPluginManager: Mounting plugin GitSourceControl
LogPluginManager: Mounting plugin KDevelopSourceCodeAccess
LogPluginManager: Mounting plugin NullSourceCodeAccess
LogPluginManager: Mounting plugin PerforceSourceControl
LogPluginManager: Mounting plugin SubversionSourceControl
LogPluginManager: Mounting plugin UObjectPlugin
LogPluginManager: Mounting plugin VisualStudioSourceCodeAccess
LogPluginManager: Mounting plugin XCodeSourceCodeAccess
LogPluginManager: Mounting plugin AssetManagerEditor
LogPluginManager: Mounting plugin AudioCapture
LogPluginManager: Mounting plugin FacialAnimation
LogPluginManager: Mounting plugin GameplayTagsEditor
LogPluginManager: Mounting plugin MobileLauncherProfileWizard
LogPluginManager: Mounting plugin PluginBrowser
LogPluginManager: Mounting plugin SpeedTreeImporter
LogPluginManager: Mounting plugin AlembicImporter
LogPluginManager: Mounting plugin CharacterAI
LogPluginManager: Mounting plugin HTML5Networking
LogPluginManager: Mounting plugin AndroidMedia
LogPluginManager: Mounting plugin AvfMedia
LogPluginManager: Mounting plugin MediaPlayerEditor
LogPluginManager: Mounting plugin WmfMedia
LogPluginManager: Mounting plugin TcpMessaging
LogPluginManager: Mounting plugin UdpMessaging
LogPluginManager: Mounting plugin LevelSequenceEditor
LogPluginManager: Mounting plugin MatineeToLevelSequence
LogPluginManager: Mounting plugin OnlineSubsystemGooglePlay
LogPluginManager: Mounting plugin OnlineSubsystemIOS
LogPluginManager: Mounting plugin OnlineSubsystem
LogPluginManager: Mounting plugin OnlineSubsystemNull
LogPluginManager: Mounting plugin OnlineSubsystemUtils
LogPluginManager: Mounting plugin AndroidDeviceProfileSelector
LogPluginManager: Mounting plugin AndroidMoviePlayer
LogPluginManager: Mounting plugin AndroidPermission
LogPluginManager: Mounting plugin AppleMoviePlayer
LogPluginManager: Mounting plugin ArchVisCharacter
LogPluginManager: Mounting plugin CableComponent
LogPluginManager: Mounting plugin CustomMeshComponent
LogPluginManager: Mounting plugin ExampleDeviceProfileSelector
LogPluginManager: Mounting plugin GoogleCloudMessaging
LogPluginManager: Mounting plugin ImmediatePhysics
LogPluginManager: Mounting plugin IOSDeviceProfileSelector
LogPluginManager: Mounting plugin LinuxDeviceProfileSelector
LogPluginManager: Mounting plugin LocationServicesBPLibrary
LogPluginManager: Mounting plugin MobilePatchingUtils
LogPluginManager: Mounting plugin OculusVR
LogPluginManager: Mounting plugin PhysXVehicles
LogPluginManager: Mounting plugin ProceduralMeshComponent
LogPluginManager: Mounting plugin RuntimePhysXCooking
LogPluginManager: Mounting plugin SteamVR
LogPluginManager: Mounting plugin WindowsMoviePlayer
LogInit: Using libcurl 7.47.1
LogInit:  - built for x86_64-pc-win32
LogInit:  - supports SSL with OpenSSL/1.0.2g
LogInit:  - supports HTTP deflate (compression) using libz 1.2.8
LogInit:  - other features:
LogInit:      CURL_VERSION_SSL
LogInit:      CURL_VERSION_LIBZ
LogInit:      CURL_VERSION_IPV6
LogInit:      CURL_VERSION_ASYNCHDNS
LogInit:      CURL_VERSION_LARGEFILE
LogInit:      CURL_VERSION_IDN
LogInit:  CurlRequestOptions (configurable via config and command line):
LogInit:  - bVerifyPeer = false  - Libcurl will NOT verify peer certificate
LogInit:  - bUseHttpProxy = false  - Libcurl will NOT use HTTP proxy
LogInit:  - bDontReuseConnections = false  - Libcurl will reuse connections
LogInit:  - CertBundlePath = nullptr  - Libcurl will use whatever was configured at build time.
LogInit: Build: ++UE4+Release-4.17-CL-3586342
LogInit: Engine Version: 4.17.1-3586342+++UE4+Release-4.17
LogInit: Compatible Engine Version: 4.17.0-3573198+++UE4+Release-4.17
LogInit: Net CL: 3573198
LogDevObjectVersion: Number of dev versions registered: 16
LogDevObjectVersion:   Dev-Blueprints (B0D832E4-1F89-4F0D-ACCF-7EB736FD4AA2): 10
LogDevObjectVersion:   Dev-Build (E1C64328-A22C-4D53-A36C-8E866417BD8C): 0
LogDevObjectVersion:   Dev-Core (375EC13C-06E4-48FB-B500-84F0262A717E): 2
LogDevObjectVersion:   Dev-Editor (E4B068ED-F494-42E9-A231-DA0B2E46BB41): 20
LogDevObjectVersion:   Dev-Framework (CFFC743F-43B0-4480-9391-14DF171D2073): 28
LogDevObjectVersion:   Dev-Mobile (B02B49B5-BB20-44E9-A304-32B752E40360): 0
LogDevObjectVersion:   Dev-Networking (A4E4105C-59A1-49B5-A7C5-40C4547EDFEE): 0
LogDevObjectVersion:   Dev-Online (39C831C9-5AE6-47DC-9A44-9C173E1C8E7C): 0
LogDevObjectVersion:   Dev-Physics (78F01B33-EBEA-4F98-B9B4-84EACCB95AA2): 0
LogDevObjectVersion:   Dev-Platform (6631380F-2D4D-43E0-8009-CF276956A95A): 0
LogDevObjectVersion:   Dev-Rendering (12F88B9F-8875-4AFC-A67C-D90C383ABD29): 19
LogDevObjectVersion:   Dev-Sequencer (7B5AE74C-D270-4C10-A958-57980B212A5A): 4
LogDevObjectVersion:   Dev-VR (D7296918-1DD6-4BDD-9DE2-64A83CC13884): 0
LogDevObjectVersion:   Dev-LoadTimes (C2A15278-BFE7-4AFE-6C17-90FF531DF755): 1
LogDevObjectVersion:   Private-Geometry (6EACA3D4-40EC-4CC1-B786-8BED09428FC5): 1
LogDevObjectVersion:   Dev-AnimPhys (29E575DD-E0A3-4627-9D10-D276232CDCEA): 7
LogInit: Compiled (64-bit): Aug 15 2017 02:05:26
LogInit: Compiled with Visual C++: 19.00.24215.01
LogInit: Build Configuration: Development
LogInit: Branch Name: ++UE4+Release-4.17
LogInit: Command line:  
LogInit: Base directory: C:/Program Files/Epic Games/UE_4.17/Engine/Binaries/Win64/
LogInit: Installed Engine Build: 1
LogInit: Presizing for max 8388607 objects, including 0 objects not considered by GC, pre-allocating 0 bytes for permanent pool.
LogInit: Object subsystem initialized
[2017.09.04-23.40.46:350][  0]LogInit: Selected Device Profile: [Windows]
[2017.09.04-23.40.46:350][  0]LogInit: Applying CVar settings loaded from the selected device profile: [Windows]
[2017.09.04-23.40.46:359][  0]LogInit: Computer: RICK-ALMIGHTY
[2017.09.04-23.40.46:359][  0]LogInit: User: spame000
[2017.09.04-23.40.46:359][  0]LogInit: CPU Page size=4096, Cores=4
[2017.09.04-23.40.46:359][  0]LogInit: High frequency timer resolution =2.630630 MHz
[2017.09.04-23.40.46:359][  0]LogMemory: Memory total: Physical=32.0GB (32GB approx)
[2017.09.04-23.40.46:359][  0]LogMemory: Platform Memory Stats for Windows
[2017.09.04-23.40.46:359][  0]LogMemory: Process Physical Memory: 279.35 MB used, 279.35 MB peak
[2017.09.04-23.40.46:359][  0]LogMemory: Process Virtual Memory: 282.68 MB used, 282.68 MB peak
[2017.09.04-23.40.46:359][  0]LogMemory: Physical Memory: 10396.24 MB used,  22324.43 MB free, 32720.67 MB total
[2017.09.04-23.40.46:360][  0]LogMemory: Virtual Memory: 663.02 MB used,  22324.43 MB free, 134217728.00 MB total
[2017.09.04-23.40.46:737][  0]LogInit: Using OS detected language (en-US).
[2017.09.04-23.40.46:737][  0]LogInit: Using OS detected locale (en-US).
[2017.09.04-23.40.46:740][  0]LogTextLocalizationManager: No specific localization for 'en-US' exists, so the 'en' localization will be used.
[2017.09.04-23.40.47:413][  0]LogD3D11RHI: D3D11 adapters:
[2017.09.04-23.40.48:010][  0]LogD3D11RHI:    0. 'NVIDIA GeForce GTX 980M' (Feature Level 11_0)
[2017.09.04-23.40.48:010][  0]LogD3D11RHI:       8153/0/16360 MB DedicatedVideo/DedicatedSystem/SharedSystem, Outputs:1, VendorId:0x10de
[2017.09.04-23.40.48:011][  0]LogD3D11RHI:    1. 'Microsoft Basic Render Driver' (Feature Level 11_0)
[2017.09.04-23.40.48:011][  0]LogD3D11RHI:       0/0/16360 MB DedicatedVideo/DedicatedSystem/SharedSystem, Outputs:0, VendorId:0x1414
[2017.09.04-23.40.48:011][  0]LogD3D11RHI: Chosen D3D11 Adapter: 0
[2017.09.04-23.40.48:016][  0]LogD3D11RHI: Creating new Direct3DDevice
[2017.09.04-23.40.48:016][  0]LogD3D11RHI:     GPU DeviceId: 0x1617 (for the marketing name, search the web for "GPU Device Id")
[2017.09.04-23.40.48:016][  0]LogWindows: EnumDisplayDevices:
[2017.09.04-23.40.48:017][  0]LogWindows:    0. 'NVIDIA GeForce GTX 980M' (P:1 D:1)
[2017.09.04-23.40.48:017][  0]LogWindows:    1. 'NVIDIA GeForce GTX 980M' (P:0 D:0)
[2017.09.04-23.40.48:017][  0]LogWindows:    2. 'NVIDIA GeForce GTX 980M' (P:0 D:0)
[2017.09.04-23.40.48:017][  0]LogWindows:    3. 'NVIDIA GeForce GTX 980M' (P:0 D:0)
[2017.09.04-23.40.48:018][  0]LogWindows:    4. 'NVIDIA GeForce GTX 980M' (P:0 D:0)
[2017.09.04-23.40.48:018][  0]LogWindows:    5. 'NVIDIA GeForce GTX 980M' (P:0 D:0)
[2017.09.04-23.40.48:018][  0]LogWindows:    6. 'NVIDIA GeForce GTX 980M' (P:0 D:0)
[2017.09.04-23.40.48:018][  0]LogWindows:    7. 'NVIDIA GeForce GTX 980M' (P:0 D:0)
[2017.09.04-23.40.48:018][  0]LogWindows:    8. 'NVIDIA GeForce GTX 980M' (P:0 D:0)
[2017.09.04-23.40.48:019][  0]LogWindows:    9. 'NVIDIA GeForce GTX 980M' (P:0 D:0)
[2017.09.04-23.40.48:019][  0]LogWindows: DebugString: FoundDriverCount:10 
[2017.09.04-23.40.48:019][  0]LogD3D11RHI:     Adapter Name: NVIDIA GeForce GTX 980M
[2017.09.04-23.40.48:019][  0]LogD3D11RHI:   Driver Version: 382.05 (internal:22.21.13.8205, unified:382.05)
[2017.09.04-23.40.48:019][  0]LogD3D11RHI:      Driver Date: 5-1-2017
[2017.09.04-23.40.48:019][  0]LogRHI: Texture pool is 1361 MB (70% of 1945 MB)
[2017.09.04-23.40.48:583][  0]LogD3D11RHI: Async texture creation enabled
[2017.09.04-23.40.48:598][  0]LogD3D11RHI: GPU Timing Frequency: 1000.000000 (Debug: 2 1)
[2017.09.04-23.40.48:641][  0]LogShaderCompilers: Guid format shader working directory is -29 characters bigger than the processId version (../../../../../../Users/spame_000/Documents/Unreal Projects/GoogleVRQuickstart/Intermediate/Shaders/WorkingDirectory/10396/).
[2017.09.04-23.40.48:641][  0]LogShaderCompilers: Cleaned the shader compiler working directory 'C:/Users/spame_000/AppData/Local/Temp/UnrealShaderWorkingDir/58542EBC4FBFB806CB40AE87588C4D57/'.
[2017.09.04-23.40.48:641][  0]LogShaderCompilers: Display: Using Local Shader Compiler.
[2017.09.04-23.40.49:569][  0]LogTemp: Display: Loaded TP AllDesktopTargetPlatform
[2017.09.04-23.40.49:627][  0]LogTemp: Display: Loaded TP MacClientTargetPlatform
[2017.09.04-23.40.49:685][  0]LogTemp: Display: Loaded TP MacNoEditorTargetPlatform
[2017.09.04-23.40.49:742][  0]LogTemp: Display: Loaded TP MacServerTargetPlatform
[2017.09.04-23.40.49:801][  0]LogTemp: Display: Loaded TP MacTargetPlatform
[2017.09.04-23.40.49:859][  0]LogTemp: Display: Loaded TP WindowsClientTargetPlatform
[2017.09.04-23.40.49:916][  0]LogTemp: Display: Loaded TP WindowsNoEditorTargetPlatform
[2017.09.04-23.40.49:974][  0]LogTemp: Display: Loaded TP WindowsServerTargetPlatform
[2017.09.04-23.40.50:025][  0]LogTemp: Display: Loaded TP WindowsTargetPlatform
[2017.09.04-23.40.50:082][  0]LogTemp: Display: Loaded TP AndroidTargetPlatform
[2017.09.04-23.40.50:138][  0]LogTemp: Display: Loaded TP Android_ASTCTargetPlatform
[2017.09.04-23.40.50:195][  0]LogTemp: Display: Loaded TP Android_ATCTargetPlatform
[2017.09.04-23.40.50:251][  0]LogTemp: Display: Loaded TP Android_DXTTargetPlatform
[2017.09.04-23.40.50:308][  0]LogTemp: Display: Loaded TP Android_ETC1TargetPlatform
[2017.09.04-23.40.50:365][  0]LogTemp: Display: Loaded TP Android_ETC2TargetPlatform
[2017.09.04-23.40.50:477][  0]LogTemp: Display: Loaded TP Android_MultiTargetPlatform
[2017.09.04-23.40.50:477][  0]LogTemp: Display: Loaded TP Android_PVRTCTargetPlatform
[2017.09.04-23.40.50:524][  0]LogTemp: Display: Loaded TP HTML5TargetPlatform
[2017.09.04-23.40.50:625][  0]LogTemp: Display: Loaded TP IOSTargetPlatform
[2017.09.04-23.40.50:655][  0]LogTemp: Display: Loaded TP TVOSTargetPlatform
[2017.09.04-23.40.50:711][  0]LogTemp: Display: Loaded TP LinuxClientTargetPlatform
[2017.09.04-23.40.50:767][  0]LogTemp: Display: Loaded TP LinuxNoEditorTargetPlatform
[2017.09.04-23.40.50:824][  0]LogTemp: Display: Loaded TP LinuxServerTargetPlatform
[2017.09.04-23.40.50:881][  0]LogTemp: Display: Loaded TP LinuxTargetPlatform
[2017.09.04-23.40.50:881][  0]LogTargetPlatformManager: Display: Building Assets For Windows
[2017.09.04-23.40.51:417][  0]LogDerivedDataCache: Display: Max Cache Size: 512 MB
[2017.09.04-23.40.51:498][  0]LogDerivedDataCache: Loaded boot cache 0.08s 93MB C:/Users/spame_000/AppData/Local/UnrealEngine/4.17/DerivedDataCache/Boot.ddc.
[2017.09.04-23.40.51:498][  0]LogDerivedDataCache: Display: Loaded Boot cache: C:/Users/spame_000/AppData/Local/UnrealEngine/4.17/DerivedDataCache/Boot.ddc
[2017.09.04-23.40.51:498][  0]LogDerivedDataCache: FDerivedDataBackendGraph:  Pak pak cache file ../../../../../../Users/spame_000/Documents/Unreal Projects/GoogleVRQuickstart/DerivedDataCache/DDC.ddp not found, will not use a pak cache.
[2017.09.04-23.40.51:498][  0]LogDerivedDataCache: Unable to find inner node Pak for hierarchical cache Hierarchy.
[2017.09.04-23.40.51:498][  0]LogDerivedDataCache: FDerivedDataBackendGraph:  CompressedPak pak cache file ../../../../../../Users/spame_000/Documents/Unreal Projects/GoogleVRQuickstart/DerivedDataCache/Compressed.ddp not found, will not use a pak cache.
[2017.09.04-23.40.51:498][  0]LogDerivedDataCache: Unable to find inner node CompressedPak for hierarchical cache Hierarchy.
[2017.09.04-23.40.51:515][  0]LogDerivedDataCache: Display: Pak cache opened for reading ../../../Engine/DerivedDataCache/Compressed.ddp.
[2017.09.04-23.40.51:528][  0]LogDerivedDataCache: Using Local data cache path C:/Users/spame_000/AppData/Local/UnrealEngine/Common/DerivedDataCache: Writable
[2017.09.04-23.40.51:539][  0]LogMaterial: Verifying Global Shaders for PCD3D_SM5
[2017.09.04-23.40.51:540][  0]LogSlate: Using Freetype 2.6.0
[2017.09.04-23.40.51:541][  0]LogSlate: SlateFontCache - WITH_FREETYPE: 1, WITH_HARFBUZZ: 1
[2017.09.04-23.40.51:541][  0]LogSlate: SlateFontCache - WITH_FREETYPE: 1, WITH_HARFBUZZ: 1
[2017.09.04-23.40.51:820][  0]LogAssetRegistry: FAssetRegistry took 0.0263 seconds to start up
[2017.09.04-23.40.51:948][  0]LogInit: Selected Device Profile: [Windows]
[2017.09.04-23.40.52:359][  0]LogSimplygon: Simplygon DLL not present - disabling.
[2017.09.04-23.40.52:411][  0]LogMeshReduction: Using SimplygonSwarm for distributed automatic mesh merging
[2017.09.04-23.40.52:411][  0]LogMeshReduction: Using QuadricMeshReduction for automatic static mesh reduction
[2017.09.04-23.40.52:411][  0]LogMeshReduction: No automatic skeletal mesh reduction module available
[2017.09.04-23.40.52:411][  0]LogMeshReduction: No automatic mesh merging module available
[2017.09.04-23.40.52:411][  0]LogMeshMerging: No automatic mesh merging module available
[2017.09.04-23.40.52:413][  0]LogContentStreaming: Texture pool size is 0.00 MB
[2017.09.04-23.40.52:876][  0]LogNetVersion: GoogleVRQuickstart , NetCL: 3573198, EngineNetVer: 2, GameNetVer: 0 (Checksum: 1930071392)
[2017.09.04-23.40.53:131][  0]LogPackageLocalizationCache: Processed 5 localized package path(s) for 2 prioritized culture(s) in 0.061503 seconds
[2017.09.04-23.40.53:138][  0]LogUObjectArray: 35825 objects as part of root set at end of initial load.
[2017.09.04-23.40.53:138][  0]LogUObjectAllocator: 7529112 out of 0 bytes used by permanent object pool.
[2017.09.04-23.40.53:138][  0]LogUObjectArray: CloseDisregardForGC: 0/0 objects in disregard for GC pool
[2017.09.04-23.40.53:199][  0]LogInit: WinSock: version 1.1 (2.2), MaxSocks=32767, MaxUdp=65467
[2017.09.04-23.40.56:028][  0]LogTcpMessaging: Initializing TcpMessaging bridge
[2017.09.04-23.40.56:068][  0]LogUdpMessaging: Initializing bridge on interface 0.0.0.0:0 to multicast group 230.0.0.1:6666.
[2017.09.04-23.40.56:799][  0]LogMaterial: Uniform references updated for custom material expression Custom.
[2017.09.04-23.40.57:255][  0]SourceControl: Source control is disabled
[2017.09.04-23.40.57:255][  0]SourceControl: Source control is disabled
[2017.09.04-23.40.57:312][  0]SourceControl: Source control is disabled
[2017.09.04-23.40.57:367][  0]SourceControl: Source control is disabled
[2017.09.04-23.40.58:040][  0]LogAndroidPermission: UAndroidPermissionCallbackProxy::GetInstance
[2017.09.04-23.40.58:329][  0]LogOcInput: OculusInput pre-init called
[2017.09.04-23.40.58:615][  0]LogEngine: Initializing Engine...
[2017.09.04-23.40.58:648][  0]LogHMD: Failed to initialize OpenVR with code 108
[2017.09.04-23.40.58:877][  0]LogStats: UGameplayTagsManager::ConstructGameplayTagTree: Construct from data asset -  0.000 s
[2017.09.04-23.40.58:877][  0]LogStats: UGameplayTagsManager::ConstructGameplayTagTree: GameplayTagTreeChangedEvent.Broadcast -  0.000 s
[2017.09.04-23.40.59:027][  0]LogAIModule: Creating AISystem for world Untitled
[2017.09.04-23.40.59:050][  0]LogInit: XAudio2 using 'Speakers (Realtek High Definition Audio)' : 6 channels at 44.1 kHz using 32 bits per sample (channel mask 0x3f)
[2017.09.04-23.40.59:241][  0]LogInit: FAudioDevice initialized.
[2017.09.04-23.40.59:312][  0]LogDerivedDataCache: Saved boot cache 0.07s 93MB C:/Users/spame_000/AppData/Local/UnrealEngine/4.17/DerivedDataCache/Boot.ddc.
[2017.09.04-23.40.59:318][  0]LogInit: Texture streaming: Enabled
[2017.09.04-23.40.59:434][  0]LogEngineSessionManager: EngineSessionManager initialized
[2017.09.04-23.40.59:693][  0]LogInit: Transaction tracking system initialized
[2017.09.04-23.41.00:063][  0]BlueprintLog: New page: Editor Load
[2017.09.04-23.41.01:100][  0]LocalizationService: Localization service is disabled
[2017.09.04-23.41.02:167][  0]LogConsoleResponse: Display: 
[2017.09.04-23.41.02:345][  0]LogCook: Display: Max memory allowance for cook 16384mb min free memory 0mb
[2017.09.04-23.41.02:345][  0]LogCook: Display: Mobile HDR setting 0
[2017.09.04-23.41.02:345][  0]LogGameplayTags: Display: UGameplayTagsManager::DoneAddingNativeTags. DelegateIsBound: 0
[2017.09.04-23.41.03:529][  0]LogFileCache: Scanning file cache for directory 'C:/Users/spame_000/Documents/Unreal Projects/GoogleVRQuickstart/Content/' took 0.01s
[2017.09.04-23.41.03:581][  0]SourceControl: Source control is disabled
[2017.09.04-23.41.03:581][  0]Cmd: MAP LOAD FILE="../../../Engine/Content/Maps/Templates/Template_Default.umap" TEMPLATE=1 SHOWPROGRESS=1 FEATURELEVEL=3
[2017.09.04-23.41.03:582][  0]LightingResults: New page: Lighting Build
[2017.09.04-23.41.03:630][  0]MapCheck: New page: Map Check
[2017.09.04-23.41.03:630][  0]LightingResults: New page: Lighting Build
[2017.09.04-23.41.03:836][  0]LogAIModule: Creating AISystem for world Untitled_1
[2017.09.04-23.41.03:841][  0]LogEditorServer: Finished looking for orphan Actors (0.000 secs)
[2017.09.04-23.41.03:856][  0]Cmd: MAP CHECKDEP NOCLEARLOG
[2017.09.04-23.41.03:944][  0]MapCheck: Map check complete: 0 Error(s), 0 Warning(s), took 88.094ms to complete.
[2017.09.04-23.41.03:945][  0]LogFileHelpers: Loading map 'Template_Default' took 0.363
[2017.09.04-23.41.04:009][  0]LogWindowsTextInputMethodSystem: Display: IME system now deactivated.
[2017.09.04-23.41.04:009][  0]LogWindowsTextInputMethodSystem: Display: IME system now deactivated.
[2017.09.04-23.41.04:094][  0]LogCollectionManager: Loaded 0 collections in 0.001445 seconds
[2017.09.04-23.41.04:185][  0]LogFileCache: Scanning file cache for directory 'C:/Users/spame_000/Documents/Unreal Projects/GoogleVRQuickstart/Saved/Collections/' took 0.01s
[2017.09.04-23.41.04:186][  0]LogFileCache: Scanning file cache for directory 'C:/Users/spame_000/Documents/Unreal Projects/GoogleVRQuickstart/Content/Developers/spame000/Collections/' took 0.01s
[2017.09.04-23.41.04:186][  0]LogFileCache: Scanning file cache for directory 'C:/Users/spame_000/Documents/Unreal Projects/GoogleVRQuickstart/Content/Collections/' took 0.01s
[2017.09.04-23.41.04:186][  0]LogCollectionManager: Rebuilt the GUID cache for 0 collections in 0.000000 seconds
[2017.09.04-23.41.04:194][  0]LogContentBrowser: Native class hierarchy populated in 0.0080 seconds. Added 2386 classes and 500 folders.
[2017.09.04-23.41.04:267][  0]LogContentBrowser: Native class hierarchy updated for 'WidgetCarousel' in 0.0009 seconds. Added 0 classes and 0 folders.
[2017.09.04-23.41.04:320][  0]LogContentBrowser: Native class hierarchy updated for 'AddContentDialog' in 0.0006 seconds. Added 0 classes and 0 folders.
[2017.09.04-23.41.04:372][  0]LogContentBrowser: Native class hierarchy updated for 'SceneOutliner' in 0.0007 seconds. Added 1 classes and 2 folders.
[2017.09.04-23.41.04:436][  0]LogSlate: Took 0.000285 seconds to synchronously load lazily loaded font '../../../Engine/Content/Slate/Fonts/Roboto-Regular.ttf' (155K)
[2017.09.04-23.41.04:438][  0]LogSlate: Took 0.000327 seconds to synchronously load lazily loaded font '../../../Engine/Content/Slate/Fonts/Roboto-Bold.ttf' (160K)
[2017.09.04-23.41.04:444][  0]LogSlate: Took 0.000261 seconds to synchronously load lazily loaded font '../../../Engine/Content/Editor/Slate/Fonts/FontAwesome.ttf' (139K)
[2017.09.04-23.41.04:560][  0]LogRenderer: Reallocating scene render targets to support 1188x628 Format 10 NumSamples 1 (Frame:1).
[2017.09.04-23.41.04:720][  0]LogContentBrowser: Native class hierarchy updated for 'HierarchicalLODOutliner' in 0.0007 seconds. Added 1 classes and 2 folders.
[2017.09.04-23.41.04:720][  0]LogLoad: (Engine Initialization) Total time: 20.11 seconds
[2017.09.04-23.41.04:720][  0]LogLoad: (Engine Initialization) Total Blueprint compile time: 0.00 seconds
[2017.09.04-23.41.04:720][  0]LogExternalProfiler: Found external profiler: VSPerf
[2017.09.04-23.41.04:720][  0]LogExternalProfiler: Using external profiler: VSPerf
[2017.09.04-23.41.04:746][  0]LogAssetRegistry: Asset discovery search completed in 12.9480 seconds
[2017.09.04-23.41.04:748][  0]LogCollectionManager: Rebuilt the object cache for 0 collections in 0.000000 seconds (found 0 objects)
[2017.09.04-23.41.04:748][  0]LogCollectionManager: Fixed up redirectors for 0 collections in 0.000058 seconds (updated 0 objects)
[2017.09.04-23.41.04:750][  0]LogContentStreaming: Texture pool size now 1000 MB
[2017.09.04-23.48.43:110][890]LogPlayLevel: Launcher Device ID: WindowsNoEditor@RICK-ALMIGHTY
[2017.09.04-23.48.43:124][890]LogPlayLevel: PlayLevel: No blueprints needed recompiling
[2017.09.04-23.48.47:427][918]LogTemp: Repeating last play command: Selected Viewport
[2017.09.04-23.48.47:447][918]LogPlayLevel: PlayLevel: No blueprints needed recompiling
[2017.09.04-23.48.47:448][918]PIE: New page: PIE session: Untitled_1 (Sep 4, 2017, 9:48:47 AM)
[2017.09.04-23.48.47:448][918]LogPlayLevel: Creating play world package: /Temp/UEDPIE_0_Untitled_1
[2017.09.04-23.48.47:450][918]LogPlayLevel: PIE: StaticDuplicateObject took: (0.002283s)
[2017.09.04-23.48.47:451][918]LogAIModule: Creating AISystem for world Untitled_1
[2017.09.04-23.48.47:451][918]LogPlayLevel: PIE: World Init took: (0.000887s)
[2017.09.04-23.48.47:451][918]LogPlayLevel: PIE: Created PIE world by copying editor world from /Temp/Untitled_1.Untitled_1 to /Temp/UEDPIE_0_Untitled_1.Untitled_1 (0.003451s)
[2017.09.04-23.48.47:479][918]LogInit: XAudio2 using 'Speakers (Realtek High Definition Audio)' : 6 channels at 44.1 kHz using 32 bits per sample (channel mask 0x3f)
[2017.09.04-23.48.47:570][918]LogInit: FAudioDevice initialized.
[2017.09.04-23.48.47:617][918]LogLoad: Game class is 'GameModeBase'
[2017.09.04-23.48.47:622][918]LogWorld: Bringing World /Temp/UEDPIE_0_Untitled_1.Untitled_1 up for play (max tick rate 0) at 2017.09.04-16.48.47
[2017.09.04-23.48.47:623][918]LogWorld: Bringing up level for play took: 0.002264
[2017.09.04-23.48.47:689][918]LogContentBrowser: Native class hierarchy updated for 'MovieSceneCapture' in 0.0008 seconds. Added 11 classes and 0 folders.
[2017.09.04-23.48.47:691][918]PIE: Play in editor start time for /Temp/UEDPIE_0_Untitled_1 0.565
[2017.09.04-23.48.56:559][174]Cmd: SELECT NONE
[2017.09.04-23.48.57:025][185]Cmd: SELECT NONE
