Log file open, 09/10/17 16:31:41
LogWindows: LoadLibraryWithSearchPaths failed for file aqProf.dll. GetLastError=0
LogWindows: LoadLibraryWithSearchPaths failed for file VSPerf140.dll. GetLastError=0
LogWindows: LoadLibraryWithSearchPaths failed for file VtuneApi.dll. GetLastError=0
LogWindows: LoadLibraryWithSearchPaths failed for file VtuneApi32e.dll. GetLastError=0
LogInit: Display: Running engine for game: ProjectIcarus
LogPlatformFile: Not using cached read wrapper
LogInit: Display: RandInit(-727224921) SRandInit(-727224921).
LogTaskGraph: Started task graph with 5 named threads and 14 total threads with 3 sets of task threads.
LogStats: Stats thread started at 0.177391
LogD3D11RHI: Aftermath initialized
LogPluginManager: Mounting plugin Paper2D
LogPluginManager: Mounting plugin LightPropagationVolume
LogPluginManager: Mounting plugin CodeLiteSourceCodeAccess
LogPluginManager: Mounting plugin GitSourceControl
LogPluginManager: Mounting plugin KDevelopSourceCodeAccess
LogPluginManager: Mounting plugin NullSourceCodeAccess
LogPluginManager: Mounting plugin PerforceSourceControl
LogPluginManager: Mounting plugin SubversionSourceControl
LogPluginManager: Mounting plugin UObjectPlugin
LogPluginManager: Mounting plugin VisualStudioSourceCodeAccess
LogPluginManager: Mounting plugin XCodeSourceCodeAccess
LogPluginManager: Mounting plugin AssetManagerEditor
LogPluginManager: Mounting plugin AudioCapture
LogPluginManager: Mounting plugin FacialAnimation
LogPluginManager: Mounting plugin GameplayTagsEditor
LogPluginManager: Mounting plugin MobileLauncherProfileWizard
LogPluginManager: Mounting plugin PluginBrowser
LogPluginManager: Mounting plugin SpeedTreeImporter
LogPluginManager: Mounting plugin AlembicImporter
LogPluginManager: Mounting plugin CharacterAI
LogPluginManager: Mounting plugin HTML5Networking
LogPluginManager: Mounting plugin AndroidMedia
LogPluginManager: Mounting plugin AvfMedia
LogPluginManager: Mounting plugin MediaPlayerEditor
LogPluginManager: Mounting plugin WmfMedia
LogPluginManager: Mounting plugin TcpMessaging
LogPluginManager: Mounting plugin UdpMessaging
LogPluginManager: Mounting plugin LevelSequenceEditor
LogPluginManager: Mounting plugin MatineeToLevelSequence
LogPluginManager: Mounting plugin OnlineSubsystemGooglePlay
LogPluginManager: Mounting plugin OnlineSubsystemIOS
LogPluginManager: Mounting plugin OnlineSubsystem
LogPluginManager: Mounting plugin OnlineSubsystemNull
LogPluginManager: Mounting plugin OnlineSubsystemUtils
LogPluginManager: Mounting plugin AndroidDeviceProfileSelector
LogPluginManager: Mounting plugin AndroidMoviePlayer
LogPluginManager: Mounting plugin AndroidPermission
LogPluginManager: Mounting plugin AppleMoviePlayer
LogPluginManager: Mounting plugin ArchVisCharacter
LogPluginManager: Mounting plugin CableComponent
LogPluginManager: Mounting plugin CustomMeshComponent
LogPluginManager: Mounting plugin ExampleDeviceProfileSelector
LogPluginManager: Mounting plugin GoogleCloudMessaging
LogPluginManager: Mounting plugin GoogleVRController
LogPluginManager: Mounting plugin GoogleVRHMD
LogPluginManager: Mounting plugin ImmediatePhysics
LogPluginManager: Mounting plugin IOSDeviceProfileSelector
LogPluginManager: Mounting plugin LinuxDeviceProfileSelector
LogPluginManager: Mounting plugin LocationServicesBPLibrary
LogPluginManager: Mounting plugin MobilePatchingUtils
LogPluginManager: Mounting plugin OculusVR
LogPluginManager: Mounting plugin PhysXVehicles
LogPluginManager: Mounting plugin ProceduralMeshComponent
LogPluginManager: Mounting plugin RuntimePhysXCooking
LogPluginManager: Mounting plugin SteamVR
LogPluginManager: Mounting plugin WindowsMoviePlayer
LogInit: Using libcurl 7.47.1
LogInit:  - built for x86_64-pc-win32
LogInit:  - supports SSL with OpenSSL/1.0.2g
LogInit:  - supports HTTP deflate (compression) using libz 1.2.8
LogInit:  - other features:
LogInit:      CURL_VERSION_SSL
LogInit:      CURL_VERSION_LIBZ
LogInit:      CURL_VERSION_IPV6
LogInit:      CURL_VERSION_ASYNCHDNS
LogInit:      CURL_VERSION_LARGEFILE
LogInit:      CURL_VERSION_IDN
LogInit:  CurlRequestOptions (configurable via config and command line):
LogInit:  - bVerifyPeer = false  - Libcurl will NOT verify peer certificate
LogInit:  - bUseHttpProxy = false  - Libcurl will NOT use HTTP proxy
LogInit:  - bDontReuseConnections = false  - Libcurl will reuse connections
LogInit:  - CertBundlePath = nullptr  - Libcurl will use whatever was configured at build time.
LogInit: Build: ++UE4+Release-4.17-CL-3586342
LogInit: Engine Version: 4.17.1-3586342+++UE4+Release-4.17
LogInit: Compatible Engine Version: 4.17.0-3573198+++UE4+Release-4.17
LogInit: Net CL: 3573198
LogDevObjectVersion: Number of dev versions registered: 16
LogDevObjectVersion:   Dev-Blueprints (B0D832E4-1F89-4F0D-ACCF-7EB736FD4AA2): 10
LogDevObjectVersion:   Dev-Build (E1C64328-A22C-4D53-A36C-8E866417BD8C): 0
LogDevObjectVersion:   Dev-Core (375EC13C-06E4-48FB-B500-84F0262A717E): 2
LogDevObjectVersion:   Dev-Editor (E4B068ED-F494-42E9-A231-DA0B2E46BB41): 20
LogDevObjectVersion:   Dev-Framework (CFFC743F-43B0-4480-9391-14DF171D2073): 28
LogDevObjectVersion:   Dev-Mobile (B02B49B5-BB20-44E9-A304-32B752E40360): 0
LogDevObjectVersion:   Dev-Networking (A4E4105C-59A1-49B5-A7C5-40C4547EDFEE): 0
LogDevObjectVersion:   Dev-Online (39C831C9-5AE6-47DC-9A44-9C173E1C8E7C): 0
LogDevObjectVersion:   Dev-Physics (78F01B33-EBEA-4F98-B9B4-84EACCB95AA2): 0
LogDevObjectVersion:   Dev-Platform (6631380F-2D4D-43E0-8009-CF276956A95A): 0
LogDevObjectVersion:   Dev-Rendering (12F88B9F-8875-4AFC-A67C-D90C383ABD29): 19
LogDevObjectVersion:   Dev-Sequencer (7B5AE74C-D270-4C10-A958-57980B212A5A): 4
LogDevObjectVersion:   Dev-VR (D7296918-1DD6-4BDD-9DE2-64A83CC13884): 0
LogDevObjectVersion:   Dev-LoadTimes (C2A15278-BFE7-4AFE-6C17-90FF531DF755): 1
LogDevObjectVersion:   Private-Geometry (6EACA3D4-40EC-4CC1-B786-8BED09428FC5): 1
LogDevObjectVersion:   Dev-AnimPhys (29E575DD-E0A3-4627-9D10-D276232CDCEA): 7
LogInit: Compiled (64-bit): Aug 15 2017 02:05:26
LogInit: Compiled with Visual C++: 19.00.24215.01
LogInit: Build Configuration: Development
LogInit: Branch Name: ++UE4+Release-4.17
LogInit: Command line:  
LogInit: Base directory: C:/Program Files/Epic Games/UE_4.17/Engine/Binaries/Win64/
LogInit: Installed Engine Build: 1
LogInit: Presizing for max 8388607 objects, including 0 objects not considered by GC, pre-allocating 0 bytes for permanent pool.
LogInit: Object subsystem initialized
[2017.09.10-23.31.42:452][  0]LogInit: Selected Device Profile: [Windows]
[2017.09.10-23.31.42:452][  0]LogInit: Applying CVar settings loaded from the selected device profile: [Windows]
[2017.09.10-23.31.42:465][  0]LogInit: Computer: RICK-ALMIGHTY
[2017.09.10-23.31.42:465][  0]LogInit: User: spame
[2017.09.10-23.31.42:465][  0]LogInit: CPU Page size=4096, Cores=4
[2017.09.10-23.31.42:465][  0]LogInit: High frequency timer resolution =2.630630 MHz
[2017.09.10-23.31.42:465][  0]LogMemory: Memory total: Physical=32.0GB (32GB approx)
[2017.09.10-23.31.42:465][  0]LogMemory: Platform Memory Stats for Windows
[2017.09.10-23.31.42:465][  0]LogMemory: Process Physical Memory: 277.86 MB used, 277.86 MB peak
[2017.09.10-23.31.42:465][  0]LogMemory: Process Virtual Memory: 274.27 MB used, 274.27 MB peak
[2017.09.10-23.31.42:465][  0]LogMemory: Physical Memory: 7945.31 MB used,  24775.36 MB free, 32720.67 MB total
[2017.09.10-23.31.42:465][  0]LogMemory: Virtual Memory: 655.92 MB used,  24775.36 MB free, 134217728.00 MB total
[2017.09.10-23.31.42:861][  0]LogInit: Using OS detected language (en-US).
[2017.09.10-23.31.42:862][  0]LogInit: Using OS detected locale (en-US).
[2017.09.10-23.31.42:865][  0]LogTextLocalizationManager: No specific localization for 'en-US' exists, so the 'en' localization will be used.
[2017.09.10-23.31.43:629][  0]LogD3D11RHI: D3D11 adapters:
[2017.09.10-23.31.44:357][  0]LogD3D11RHI:    0. 'NVIDIA GeForce GTX 980M' (Feature Level 11_0)
[2017.09.10-23.31.44:357][  0]LogD3D11RHI:       8153/0/16360 MB DedicatedVideo/DedicatedSystem/SharedSystem, Outputs:1, VendorId:0x10de
[2017.09.10-23.31.44:358][  0]LogD3D11RHI:    1. 'Microsoft Basic Render Driver' (Feature Level 11_0)
[2017.09.10-23.31.44:358][  0]LogD3D11RHI:       0/0/16360 MB DedicatedVideo/DedicatedSystem/SharedSystem, Outputs:0, VendorId:0x1414
[2017.09.10-23.31.44:358][  0]LogD3D11RHI: Chosen D3D11 Adapter: 0
[2017.09.10-23.31.44:365][  0]LogD3D11RHI: Creating new Direct3DDevice
[2017.09.10-23.31.44:366][  0]LogD3D11RHI:     GPU DeviceId: 0x1617 (for the marketing name, search the web for "GPU Device Id")
[2017.09.10-23.31.44:366][  0]LogWindows: EnumDisplayDevices:
[2017.09.10-23.31.44:366][  0]LogWindows:    0. 'NVIDIA GeForce GTX 980M' (P:1 D:1)
[2017.09.10-23.31.44:366][  0]LogWindows:    1. 'NVIDIA GeForce GTX 980M' (P:0 D:0)
[2017.09.10-23.31.44:366][  0]LogWindows:    2. 'NVIDIA GeForce GTX 980M' (P:0 D:0)
[2017.09.10-23.31.44:367][  0]LogWindows:    3. 'NVIDIA GeForce GTX 980M' (P:0 D:0)
[2017.09.10-23.31.44:367][  0]LogWindows: DebugString: FoundDriverCount:4 
[2017.09.10-23.31.44:367][  0]LogD3D11RHI:     Adapter Name: NVIDIA GeForce GTX 980M
[2017.09.10-23.31.44:367][  0]LogD3D11RHI:   Driver Version: 382.05 (internal:22.21.13.8205, unified:382.05)
[2017.09.10-23.31.44:367][  0]LogD3D11RHI:      Driver Date: 5-1-2017
[2017.09.10-23.31.44:367][  0]LogRHI: Texture pool is 1361 MB (70% of 1945 MB)
[2017.09.10-23.31.45:042][  0]LogD3D11RHI: Async texture creation enabled
[2017.09.10-23.31.45:073][  0]LogD3D11RHI: GPU Timing Frequency: 1000.000000 (Debug: 2 1)
[2017.09.10-23.31.45:116][  0]LogShaderCompilers: Guid format shader working directory is -24 characters bigger than the processId version (../../../../../../Users/spame/Documents/Unreal Projects/ProjectIcarus/Intermediate/Shaders/WorkingDirectory/15252/).
[2017.09.10-23.31.45:116][  0]LogShaderCompilers: Cleaned the shader compiler working directory 'C:/Users/spame/AppData/Local/Temp/UnrealShaderWorkingDir/6D2965AD40C6BC8DBA47EE9A9ECD8225/'.
[2017.09.10-23.31.45:116][  0]LogShaderCompilers: Display: Using Local Shader Compiler.
[2017.09.10-23.31.46:118][  0]LogTemp: Display: Loaded TP AllDesktopTargetPlatform
[2017.09.10-23.31.46:183][  0]LogTemp: Display: Loaded TP MacClientTargetPlatform
[2017.09.10-23.31.46:249][  0]LogTemp: Display: Loaded TP MacNoEditorTargetPlatform
[2017.09.10-23.31.46:316][  0]LogTemp: Display: Loaded TP MacServerTargetPlatform
[2017.09.10-23.31.46:378][  0]LogTemp: Display: Loaded TP MacTargetPlatform
[2017.09.10-23.31.46:443][  0]LogTemp: Display: Loaded TP WindowsClientTargetPlatform
[2017.09.10-23.31.46:516][  0]LogTemp: Display: Loaded TP WindowsNoEditorTargetPlatform
[2017.09.10-23.31.46:587][  0]LogTemp: Display: Loaded TP WindowsServerTargetPlatform
[2017.09.10-23.31.46:645][  0]LogTemp: Display: Loaded TP WindowsTargetPlatform
[2017.09.10-23.31.46:708][  0]LogTemp: Display: Loaded TP AndroidTargetPlatform
[2017.09.10-23.31.46:774][  0]LogTemp: Display: Loaded TP Android_ASTCTargetPlatform
[2017.09.10-23.31.46:835][  0]LogTemp: Display: Loaded TP Android_ATCTargetPlatform
[2017.09.10-23.31.46:896][  0]LogTemp: Display: Loaded TP Android_DXTTargetPlatform
[2017.09.10-23.31.46:959][  0]LogTemp: Display: Loaded TP Android_ETC1TargetPlatform
[2017.09.10-23.31.47:022][  0]LogTemp: Display: Loaded TP Android_ETC2TargetPlatform
[2017.09.10-23.31.47:148][  0]LogTemp: Display: Loaded TP Android_MultiTargetPlatform
[2017.09.10-23.31.47:148][  0]LogTemp: Display: Loaded TP Android_PVRTCTargetPlatform
[2017.09.10-23.31.47:202][  0]LogTemp: Display: Loaded TP HTML5TargetPlatform
[2017.09.10-23.31.47:322][  0]LogTemp: Display: Loaded TP IOSTargetPlatform
[2017.09.10-23.31.47:367][  0]LogTemp: Display: Loaded TP TVOSTargetPlatform
[2017.09.10-23.31.47:438][  0]LogTemp: Display: Loaded TP LinuxClientTargetPlatform
[2017.09.10-23.31.47:497][  0]LogTemp: Display: Loaded TP LinuxNoEditorTargetPlatform
[2017.09.10-23.31.47:562][  0]LogTemp: Display: Loaded TP LinuxServerTargetPlatform
[2017.09.10-23.31.47:623][  0]LogTemp: Display: Loaded TP LinuxTargetPlatform
[2017.09.10-23.31.47:623][  0]LogTargetPlatformManager: Display: Building Assets For Windows
[2017.09.10-23.31.48:231][  0]LogDerivedDataCache: Display: Max Cache Size: 512 MB
[2017.09.10-23.31.48:338][  0]LogDerivedDataCache: Loaded boot cache 0.11s 94MB C:/Users/spame/AppData/Local/UnrealEngine/4.17/DerivedDataCache/Boot.ddc.
[2017.09.10-23.31.48:338][  0]LogDerivedDataCache: Display: Loaded Boot cache: C:/Users/spame/AppData/Local/UnrealEngine/4.17/DerivedDataCache/Boot.ddc
[2017.09.10-23.31.48:338][  0]LogDerivedDataCache: FDerivedDataBackendGraph:  Pak pak cache file ../../../../../../Users/spame/Documents/Unreal Projects/ProjectIcarus/DerivedDataCache/DDC.ddp not found, will not use a pak cache.
[2017.09.10-23.31.48:338][  0]LogDerivedDataCache: Unable to find inner node Pak for hierarchical cache Hierarchy.
[2017.09.10-23.31.48:338][  0]LogDerivedDataCache: FDerivedDataBackendGraph:  CompressedPak pak cache file ../../../../../../Users/spame/Documents/Unreal Projects/ProjectIcarus/DerivedDataCache/Compressed.ddp not found, will not use a pak cache.
[2017.09.10-23.31.48:338][  0]LogDerivedDataCache: Unable to find inner node CompressedPak for hierarchical cache Hierarchy.
[2017.09.10-23.31.48:354][  0]LogDerivedDataCache: Display: Pak cache opened for reading ../../../Engine/DerivedDataCache/Compressed.ddp.
[2017.09.10-23.31.48:367][  0]LogDerivedDataCache: Using Local data cache path C:/Users/spame/AppData/Local/UnrealEngine/Common/DerivedDataCache: Writable
[2017.09.10-23.31.48:381][  0]LogMaterial: Verifying Global Shaders for PCD3D_SM5
[2017.09.10-23.31.48:381][  0]LogSlate: Using Freetype 2.6.0
[2017.09.10-23.31.48:382][  0]LogSlate: SlateFontCache - WITH_FREETYPE: 1, WITH_HARFBUZZ: 1
[2017.09.10-23.31.48:382][  0]LogSlate: SlateFontCache - WITH_FREETYPE: 1, WITH_HARFBUZZ: 1
[2017.09.10-23.31.48:712][  0]LogAssetRegistry: FAssetRegistry took 0.0292 seconds to start up
[2017.09.10-23.31.48:848][  0]LogInit: Selected Device Profile: [Windows]
[2017.09.10-23.31.49:297][  0]LogSimplygon: Simplygon DLL not present - disabling.
[2017.09.10-23.31.49:349][  0]LogMeshReduction: Using SimplygonSwarm for distributed automatic mesh merging
[2017.09.10-23.31.49:349][  0]LogMeshReduction: Using QuadricMeshReduction for automatic static mesh reduction
[2017.09.10-23.31.49:349][  0]LogMeshReduction: No automatic skeletal mesh reduction module available
[2017.09.10-23.31.49:349][  0]LogMeshReduction: No automatic mesh merging module available
[2017.09.10-23.31.49:349][  0]LogMeshMerging: No automatic mesh merging module available
[2017.09.10-23.31.49:365][  0]LogContentStreaming: Texture pool size is 0.00 MB
[2017.09.10-23.31.49:852][  0]LogNetVersion: ProjectIcarus , NetCL: 3573198, EngineNetVer: 2, GameNetVer: 0 (Checksum: 1075947222)
[2017.09.10-23.31.50:022][  0]LogLinker: Warning: Asset '../../../Engine/Plugins/Runtime/GoogleVR/GoogleVRController/Content/TooltipTextMaterial.uasset' has been saved with empty engine version. The asset will be loaded but may be incompatible.
[2017.09.10-23.31.50:023][  0]LogLinker: Warning: Asset '../../../Engine/Plugins/Runtime/GoogleVR/GoogleVRController/Content/ControllerParameters.uasset' has been saved with empty engine version. The asset will be loaded but may be incompatible.
[2017.09.10-23.31.50:029][  0]LogLinker: Warning: Asset '../../../Engine/Plugins/Runtime/GoogleVR/GoogleVRController/Content/GazeReticleMesh.uasset' has been saved with empty engine version. The asset will be loaded but may be incompatible.
[2017.09.10-23.31.50:032][  0]LogLinker: Warning: Asset '../../../Engine/Plugins/Runtime/GoogleVR/GoogleVRController/Content/GazeReticleMaterial.uasset' has been saved with empty engine version. The asset will be loaded but may be incompatible.
[2017.09.10-23.31.50:042][  0]LogLinker: Warning: Asset '../../../Engine/Plugins/Runtime/GoogleVR/GoogleVRController/Content/ControllerMesh.uasset' has been saved with empty engine version. The asset will be loaded but may be incompatible.
[2017.09.10-23.31.50:043][  0]LogLinker: Warning: Asset '../../../Engine/Plugins/Runtime/GoogleVR/GoogleVRController/Content/ControllerBaseMaterial.uasset' has been saved with empty engine version. The asset will be loaded but may be incompatible.
[2017.09.10-23.31.50:044][  0]LogLinker: Warning: Asset '../../../Engine/Plugins/Runtime/GoogleVR/GoogleVRController/Content/ControllerIdleTexture.uasset' has been saved with empty engine version. The asset will be loaded but may be incompatible.
[2017.09.10-23.31.50:065][  0]LogLinker: Warning: Asset '../../../Engine/Plugins/Runtime/GoogleVR/GoogleVRController/Content/ControllerIdleMaterial.uasset' has been saved with empty engine version. The asset will be loaded but may be incompatible.
[2017.09.10-23.31.50:067][  0]LogLinker: Warning: Asset '../../../Engine/Plugins/Runtime/GoogleVR/GoogleVRController/Content/ControllerPadMaterial.uasset' has been saved with empty engine version. The asset will be loaded but may be incompatible.
[2017.09.10-23.31.50:068][  0]LogLinker: Warning: Asset '../../../Engine/Plugins/Runtime/GoogleVR/GoogleVRController/Content/ControllerPadTexture.uasset' has been saved with empty engine version. The asset will be loaded but may be incompatible.
[2017.09.10-23.31.50:072][  0]LogLinker: Warning: Asset '../../../Engine/Plugins/Runtime/GoogleVR/GoogleVRController/Content/ControllerAppMaterial.uasset' has been saved with empty engine version. The asset will be loaded but may be incompatible.
[2017.09.10-23.31.50:073][  0]LogLinker: Warning: Asset '../../../Engine/Plugins/Runtime/GoogleVR/GoogleVRController/Content/ControllerAppTexture.uasset' has been saved with empty engine version. The asset will be loaded but may be incompatible.
[2017.09.10-23.31.50:075][  0]LogLinker: Warning: Asset '../../../Engine/Plugins/Runtime/GoogleVR/GoogleVRController/Content/ControllerSysMaterial.uasset' has been saved with empty engine version. The asset will be loaded but may be incompatible.
[2017.09.10-23.31.50:077][  0]LogLinker: Warning: Asset '../../../Engine/Plugins/Runtime/GoogleVR/GoogleVRController/Content/ControllerSysTexture.uasset' has been saved with empty engine version. The asset will be loaded but may be incompatible.
[2017.09.10-23.31.50:079][  0]LogLinker: Warning: Asset '../../../Engine/Plugins/Runtime/GoogleVR/GoogleVRController/Content/TouchMaterial.uasset' has been saved with empty engine version. The asset will be loaded but may be incompatible.
[2017.09.10-23.31.50:081][  0]LogLinker: Warning: Asset '../../../Engine/Plugins/Runtime/GoogleVR/GoogleVRController/Content/touchTexture.uasset' has been saved with empty engine version. The asset will be loaded but may be incompatible.
[2017.09.10-23.31.50:088][  0]LogLinker: Warning: Asset '../../../Engine/Plugins/Runtime/GoogleVR/GoogleVRController/Content/BatteryIndicatorMaterial.uasset' has been saved with empty engine version. The asset will be loaded but may be incompatible.
[2017.09.10-23.31.50:092][  0]LogLinker: Warning: Asset '../../../Engine/Plugins/Runtime/GoogleVR/GoogleVRController/Content/BatteryIndicatorUnknown.uasset' has been saved with empty engine version. The asset will be loaded but may be incompatible.
[2017.09.10-23.31.50:095][  0]LogLinker: Warning: Asset '../../../Engine/Plugins/Runtime/GoogleVR/GoogleVRController/Content/BatteryIndicatorFull.uasset' has been saved with empty engine version. The asset will be loaded but may be incompatible.
[2017.09.10-23.31.50:097][  0]LogLinker: Warning: Asset '../../../Engine/Plugins/Runtime/GoogleVR/GoogleVRController/Content/BatteryIndicatorAlmostFull.uasset' has been saved with empty engine version. The asset will be loaded but may be incompatible.
[2017.09.10-23.31.50:099][  0]LogLinker: Warning: Asset '../../../Engine/Plugins/Runtime/GoogleVR/GoogleVRController/Content/BatteryIndicatorMedium.uasset' has been saved with empty engine version. The asset will be loaded but may be incompatible.
[2017.09.10-23.31.50:101][  0]LogLinker: Warning: Asset '../../../Engine/Plugins/Runtime/GoogleVR/GoogleVRController/Content/BatteryIndicatorLow.uasset' has been saved with empty engine version. The asset will be loaded but may be incompatible.
[2017.09.10-23.31.50:103][  0]LogLinker: Warning: Asset '../../../Engine/Plugins/Runtime/GoogleVR/GoogleVRController/Content/BatteryIndicatorCriticalLow.uasset' has been saved with empty engine version. The asset will be loaded but may be incompatible.
[2017.09.10-23.31.50:105][  0]LogLinker: Warning: Asset '../../../Engine/Plugins/Runtime/GoogleVR/GoogleVRController/Content/BatteryIndicatorCharging.uasset' has been saved with empty engine version. The asset will be loaded but may be incompatible.
[2017.09.10-23.31.50:107][  0]LogLinker: Warning: Asset '../../../Engine/Plugins/Runtime/GoogleVR/GoogleVRController/Content/ControllerRetMaterial.uasset' has been saved with empty engine version. The asset will be loaded but may be incompatible.
[2017.09.10-23.31.50:108][  0]LogLinker: Warning: Asset '../../../Engine/Plugins/Runtime/GoogleVR/GoogleVRController/Content/ControllerReticleTexture.uasset' has been saved with empty engine version. The asset will be loaded but may be incompatible.
[2017.09.10-23.31.50:113][  0]LogLinker: Warning: Asset '../../../Engine/Plugins/Runtime/GoogleVR/GoogleVRController/Content/LaserPlane.uasset' has been saved with empty engine version. The asset will be loaded but may be incompatible.
[2017.09.10-23.31.50:114][  0]LogLinker: Warning: Can't find file '/GoogleVRController/LaserPlaneMaterial'
[2017.09.10-23.31.50:114][  0]LogLinker: Warning: Can't find file for asset '/GoogleVRController/LaserPlaneMaterial' while loading ../../../Engine/Plugins/Runtime/GoogleVR/GoogleVRController/Content/LaserPlane.uasset.
[2017.09.10-23.31.50:114][  0]LoadErrors: Error: /GoogleVRController/LaserPlane : Can't find file for asset. /GoogleVRController/LaserPlaneMaterial
[2017.09.10-23.31.50:114][  0]LogLinker: Warning: Can't find file '/GoogleVRController/LaserPlaneMaterial'
[2017.09.10-23.31.50:114][  0]LogLinker: Warning: Can't find file for asset '/GoogleVRController/LaserPlaneMaterial' while loading ../../../Engine/Plugins/Runtime/GoogleVR/GoogleVRController/Content/LaserPlane.uasset.
[2017.09.10-23.31.50:114][  0]LoadErrors: Error: /GoogleVRController/LaserPlane : Can't find file for asset. /GoogleVRController/LaserPlaneMaterial
[2017.09.10-23.31.50:115][  0]LogLinker: Warning: Can't find file '/GoogleVRController/LaserPlaneMaterial'
[2017.09.10-23.31.50:115][  0]LoadErrors: Failed to load /GoogleVRController/LaserPlaneMaterial.LaserPlaneMaterial Referenced by LaserPlane
[2017.09.10-23.31.50:115][  0]LogLinker: Warning: Can't find file for asset '/GoogleVRController/LaserPlaneMaterial' while loading NULL.
[2017.09.10-23.31.50:115][  0]LoadErrors: Failed to load /GoogleVRController/LaserPlaneMaterial.LaserPlaneMaterial Referenced by LaserPlane
[2017.09.10-23.31.50:229][  0]LogPackageLocalizationCache: Processed 6 localized package path(s) for 2 prioritized culture(s) in 0.076219 seconds
[2017.09.10-23.31.50:236][  0]LogUObjectArray: 36351 objects as part of root set at end of initial load.
[2017.09.10-23.31.50:236][  0]LogUObjectAllocator: 7688592 out of 0 bytes used by permanent object pool.
[2017.09.10-23.31.50:236][  0]LogUObjectArray: CloseDisregardForGC: 0/0 objects in disregard for GC pool
[2017.09.10-23.31.50:305][  0]LogInit: WinSock: version 1.1 (2.2), MaxSocks=32767, MaxUdp=65467
[2017.09.10-23.31.53:529][  0]LogTcpMessaging: Initializing TcpMessaging bridge
[2017.09.10-23.31.53:574][  0]LogUdpMessaging: Initializing bridge on interface 0.0.0.0:0 to multicast group 230.0.0.1:6666.
[2017.09.10-23.31.54:392][  0]LogMaterial: Uniform references updated for custom material expression Custom.
[2017.09.10-23.31.54:926][  0]SourceControl: Source control is disabled
[2017.09.10-23.31.56:575][  0]LogAndroidPermission: UAndroidPermissionCallbackProxy::GetInstance
[2017.09.10-23.31.56:900][  0]LogOcInput: OculusInput pre-init called
[2017.09.10-23.31.57:226][  0]LogEngine: Initializing Engine...
[2017.09.10-23.31.57:249][  0]LogInstantPreview: Warning: Adb Not Detected.  Please set the ANDROID_HOME environment variable to your Android SDK directory and restart the Unreal editor.
[2017.09.10-23.31.57:249][  0]LogHMD: GoogleVR API created
[2017.09.10-23.31.57:503][  0]LogStats: UGameplayTagsManager::ConstructGameplayTagTree: Construct from data asset -  0.000 s
[2017.09.10-23.31.57:503][  0]LogStats: UGameplayTagsManager::ConstructGameplayTagTree: GameplayTagTreeChangedEvent.Broadcast -  0.000 s
[2017.09.10-23.31.57:677][  0]LogAIModule: Creating AISystem for world Untitled
[2017.09.10-23.31.57:713][  0]LogInit: XAudio2 using 'Extron HDMI-C (NVIDIA High Definition Audio)' : 2 channels at 48 kHz using 16 bits per sample (channel mask 0x3)
[2017.09.10-23.31.57:738][  0]LogInit: FAudioDevice initialized.
[2017.09.10-23.31.57:817][  0]LogDerivedDataCache: Saved boot cache 0.08s 94MB C:/Users/spame/AppData/Local/UnrealEngine/4.17/DerivedDataCache/Boot.ddc.
[2017.09.10-23.31.57:832][  0]LogInit: Texture streaming: Enabled
[2017.09.10-23.31.57:973][  0]LogEngineSessionManager: EngineSessionManager initialized
[2017.09.10-23.31.58:260][  0]LogInit: Transaction tracking system initialized
[2017.09.10-23.31.58:665][  0]BlueprintLog: New page: Editor Load
[2017.09.10-23.31.59:852][  0]LocalizationService: Localization service is disabled
[2017.09.10-23.32.01:281][  0]LogConsoleResponse: Display: 
[2017.09.10-23.32.01:517][  0]LogCook: Display: Max memory allowance for cook 16384mb min free memory 0mb
[2017.09.10-23.32.01:517][  0]LogCook: Display: Mobile HDR setting 0
[2017.09.10-23.32.01:517][  0]LogGameplayTags: Display: UGameplayTagsManager::DoneAddingNativeTags. DelegateIsBound: 0
[2017.09.10-23.32.01:951][  0]LogFileCache: Scanning file cache for directory 'C:/Users/spame/Documents/Unreal Projects/ProjectIcarus/Content/' took 0.01s
[2017.09.10-23.32.02:932][  0]Cmd: MAP LOAD FILE="../../../Engine/Content/Maps/Templates/Template_Default.umap" TEMPLATE=1 SHOWPROGRESS=1 FEATURELEVEL=3
[2017.09.10-23.32.02:933][  0]LightingResults: New page: Lighting Build
[2017.09.10-23.32.02:994][  0]MapCheck: New page: Map Check
[2017.09.10-23.32.02:994][  0]LightingResults: New page: Lighting Build
[2017.09.10-23.32.03:185][  0]LogAIModule: Creating AISystem for world Untitled_1
[2017.09.10-23.32.03:192][  0]LogEditorServer: Finished looking for orphan Actors (0.000 secs)
[2017.09.10-23.32.03:204][  0]Cmd: MAP CHECKDEP NOCLEARLOG
[2017.09.10-23.32.03:288][  0]MapCheck: Map check complete: 0 Error(s), 0 Warning(s), took 83.502ms to complete.
[2017.09.10-23.32.03:288][  0]LogFileHelpers: Loading map 'Template_Default' took 0.355
[2017.09.10-23.32.03:458][  0]LogCollectionManager: Loaded 0 collections in 0.002851 seconds
[2017.09.10-23.32.03:572][  0]LogFileCache: Scanning file cache for directory 'C:/Users/spame/Documents/Unreal Projects/ProjectIcarus/Saved/Collections/' took 0.01s
[2017.09.10-23.32.03:572][  0]LogFileCache: Scanning file cache for directory 'C:/Users/spame/Documents/Unreal Projects/ProjectIcarus/Content/Developers/spame/Collections/' took 0.01s
[2017.09.10-23.32.03:572][  0]LogFileCache: Scanning file cache for directory 'C:/Users/spame/Documents/Unreal Projects/ProjectIcarus/Content/Collections/' took 0.01s
[2017.09.10-23.32.03:572][  0]LogCollectionManager: Rebuilt the GUID cache for 0 collections in 0.000000 seconds
[2017.09.10-23.32.03:582][  0]LogContentBrowser: Native class hierarchy populated in 0.0096 seconds. Added 2398 classes and 507 folders.
[2017.09.10-23.32.03:665][  0]LogContentBrowser: Native class hierarchy updated for 'WidgetCarousel' in 0.0007 seconds. Added 0 classes and 0 folders.
[2017.09.10-23.32.03:719][  0]LogContentBrowser: Native class hierarchy updated for 'AddContentDialog' in 0.0006 seconds. Added 0 classes and 0 folders.
[2017.09.10-23.32.03:775][  0]LogContentBrowser: Native class hierarchy updated for 'SceneOutliner' in 0.0007 seconds. Added 1 classes and 2 folders.
[2017.09.10-23.32.03:848][  0]LogSlate: Took 0.000328 seconds to synchronously load lazily loaded font '../../../Engine/Content/Slate/Fonts/Roboto-Regular.ttf' (155K)
[2017.09.10-23.32.03:850][  0]LogSlate: Took 0.000290 seconds to synchronously load lazily loaded font '../../../Engine/Content/Slate/Fonts/Roboto-Bold.ttf' (160K)
[2017.09.10-23.32.03:855][  0]LogSlate: Took 0.000461 seconds to synchronously load lazily loaded font '../../../Engine/Content/Editor/Slate/Fonts/FontAwesome.ttf' (139K)
[2017.09.10-23.32.03:981][  0]LogRenderer: Reallocating scene render targets to support 1240x576 Format 9 NumSamples 1 (Frame:1).
[2017.09.10-23.32.04:164][  0]LogContentBrowser: Native class hierarchy updated for 'HierarchicalLODOutliner' in 0.0008 seconds. Added 1 classes and 2 folders.
[2017.09.10-23.32.04:164][  0]LogLoad: (Engine Initialization) Total time: 23.79 seconds
[2017.09.10-23.32.04:164][  0]LogLoad: (Engine Initialization) Total Blueprint compile time: 0.00 seconds
[2017.09.10-23.32.04:164][  0]LogExternalProfiler: No external profilers were discovered.  External profiling features will not be available.
[2017.09.10-23.32.04:504][  0]LogGoogleVRController: Creating Input Device: GoogleVRController -- Supported
[2017.09.10-23.32.04:504][  0]LogGoogleVRController: Successfully initialized GoogleVR Controller.
[2017.09.10-23.32.04:504][  0]LogGoogleVRController: GoogleVR Controller Created
[2017.09.10-23.32.04:517][  0]LogInstantPreview: Warning: Adb Not Detected.  Please set the ANDROID_HOME environment variable to your Android SDK directory and restart the Unreal editor.
[2017.09.10-23.32.04:536][  0]LogAssetRegistry: Asset discovery search completed in 15.8457 seconds
[2017.09.10-23.32.04:538][  0]LogCollectionManager: Rebuilt the object cache for 0 collections in 0.000000 seconds (found 0 objects)
[2017.09.10-23.32.04:538][  0]LogCollectionManager: Fixed up redirectors for 0 collections in 0.000067 seconds (updated 0 objects)
[2017.09.10-23.32.04:539][  0]SourceControl: On branch master
[2017.09.10-23.32.04:539][  0]SourceControl: Your branch is up-to-date with 'origin/master'.
[2017.09.10-23.32.04:539][  0]SourceControl: Changes not staged for commit:
[2017.09.10-23.32.04:539][  0]SourceControl:   (use "git add <file>..." to update what will be committed)
[2017.09.10-23.32.04:539][  0]SourceControl:   (use "git checkout -- <file>..." to discard changes in working directory)
[2017.09.10-23.32.04:539][  0]SourceControl: 	modified:   Saved/AutoScreenshot.png
[2017.09.10-23.32.04:539][  0]SourceControl: 	modified:   Saved/Config/Windows/EditorPerProjectUserSettings.ini
[2017.09.10-23.32.04:539][  0]SourceControl: 	modified:   Saved/Config/Windows/Engine.ini
[2017.09.10-23.32.04:539][  0]SourceControl: 	modified:   Saved/Logs/ProjectIcarus.log
[2017.09.10-23.32.04:539][  0]SourceControl: Untracked files:
[2017.09.10-23.32.04:539][  0]SourceControl:   (use "git add <file>..." to include in what will be committed)
[2017.09.10-23.32.04:539][  0]SourceControl: 	Saved/Config/CrashReportClient/UE4CC-Windows-2871E39D43E8800338990B8C354740A3/
[2017.09.10-23.32.04:539][  0]SourceControl: 	Saved/Config/CrashReportClient/UE4CC-Windows-409795864BEDBC0264486589BAADACCF/
[2017.09.10-23.32.04:539][  0]SourceControl: 	Saved/Config/CrashReportClient/UE4CC-Windows-BAEE31014A85F1DEDCFF9DBBEE989E7B/
[2017.09.10-23.32.04:539][  0]SourceControl: 	Saved/Logs/ProjectIcarus-backup-2017.09.10-16.26.11.log
[2017.09.10-23.32.04:539][  0]SourceControl: 	Saved/Logs/ProjectIcarus-backup-2017.09.10-16.30.57.log
[2017.09.10-23.32.04:539][  0]SourceControl: 	Saved/Logs/ProjectIcarus-backup-2017.09.10-16.31.41.log
[2017.09.10-23.32.04:539][  0]SourceControl: no changes added to commit (use "git add" and/or "git commit -a")
[2017.09.10-23.32.04:539][  0]LogContentStreaming: Texture pool size now 400 MB
[2017.09.10-23.32.04:568][  0]LogSlate: Took 0.000421 seconds to synchronously load lazily loaded font '../../../Engine/Content/Slate/Fonts/Roboto-Light.ttf' (159K)
[2017.09.10-23.33.08:079][808]LogActorFactory: Actor Factory created Cone
[2017.09.10-23.33.08:726][846]LogActorFactory: Actor Factory created Cone
[2017.09.10-23.33.08:878][852]SourceControl: fatal: /Temp/Untitled_1: '/Temp/Untitled_1' is outside repository
[2017.09.10-23.33.13:845][149]LogEditorViewport: Clicking on Actor (LMB): BP_Sky_Sphere_C (Sky Sphere)
[2017.09.10-23.34.07:259][165]SourceControl: fatal: C:/Program Files/Epic Games/UE_4.17/Engine/Content/: 'C:/Program Files/Epic Games/UE_4.17/Engine/Content/' is outside repository
[2017.09.10-23.34.07:376][165]EditorErrors: Warning: No assets to check in!
[2017.09.10-23.34.17:111][740]SourceControl: fatal: /Temp/Untitled_1: '/Temp/Untitled_1' is outside repository
[2017.09.10-23.34.20:675][740]LogTextFormatter: Warning: Failed to parse argument "ExistingAsset" as a number (using "0" as a fallback). Please check your format string for errors: "{ExistingAsset} already exists. Do you want to replace it?".
[2017.09.10-23.34.21:720][740]LogSlate: Took 0.000209 seconds to synchronously load lazily loaded font '../../../Engine/Content/Slate/Fonts/Roboto-Light.ttf' (159K)
[2017.09.10-23.34.22:038][740]Cmd: OBJ SAVEPACKAGE PACKAGE="/Game/Maps/1" FILE="../../../../../../Users/spame/Documents/Unreal Projects/ProjectIcarus/Content/Maps/1.umap" SILENT=true AUTOSAVING=false KEEPDIRTY=false
[2017.09.10-23.34.22:084][740]LogSavePackage: Save=25.41ms
[2017.09.10-23.34.22:084][740]LogSavePackage: Moving '../../../../../../Users/spame/Documents/Unreal Projects/ProjectIcarus/Saved/185FDBEF34A315CFA2AF60293494BEB83.tmp' to '../../../../../../Users/spame/Documents/Unreal Projects/ProjectIcarus/Content/Maps/1.umap'
[2017.09.10-23.34.22:090][740]LogSavePackage: Display: Finished SavePackage ../../../../../../Users/spame/Documents/Unreal Projects/ProjectIcarus/Content/Maps/1.umap
[2017.09.10-23.34.22:252][740]Cmd: OBJ SAVEPACKAGE PACKAGE="/Game/Maps/1_BuiltData" FILE="../../../../../../Users/spame/Documents/Unreal Projects/ProjectIcarus/Content/Maps/1_BuiltData.uasset" SILENT=true
[2017.09.10-23.34.22:267][740]LogSavePackage: Save=12.40ms
[2017.09.10-23.34.22:267][740]LogSavePackage: Moving '../../../../../../Users/spame/Documents/Unreal Projects/ProjectIcarus/Saved/1_BuiltData207FED0B43B96369015FFA91D30545F4.tmp' to '../../../../../../Users/spame/Documents/Unreal Projects/ProjectIcarus/Content/Maps/1_BuiltData.uasset'
[2017.09.10-23.34.22:271][740]LogSavePackage: Display: Finished SavePackage ../../../../../../Users/spame/Documents/Unreal Projects/ProjectIcarus/Content/Maps/1_BuiltData.uasset
[2017.09.10-23.34.22:521][740]LogFileHelpers: Saving map '1' took 0.906
[2017.09.10-23.34.22:752][754]SourceControl: fatal: /Temp/Untitled_1: '/Temp/Untitled_1' is outside repository
[2017.09.10-23.34.28:397][ 92]SourceControl: fatal: C:/Program Files/Epic Games/UE_4.17/Engine/Content/: 'C:/Program Files/Epic Games/UE_4.17/Engine/Content/' is outside repository
[2017.09.10-23.34.40:426][ 92]LogSourceControl: FGitCheckInWorker: commit successful
[2017.09.10-23.34.40:537][ 92]SourceControl: [master 562f29c] Made a cone
[2017.09.10-23.34.40:537][ 92]SourceControl:  2 files changed, 0 insertions(+), 0 deletions(-)
[2017.09.10-23.34.40:537][ 92]SourceControl:  create mode 100644 Content/Maps/1_BuiltData.uasset
[2017.09.10-23.34.40:546][ 92]SourceControl: Commited [master 562f29c] Made a cone.
