Log file open, 09/10/17 16:26:11
LogWindows: LoadLibraryWithSearchPaths failed for file aqProf.dll. GetLastError=0
LogWindows: LoadLibraryWithSearchPaths failed for file VSPerf140.dll. GetLastError=0
LogWindows: LoadLibraryWithSearchPaths failed for file VtuneApi.dll. GetLastError=0
LogWindows: LoadLibraryWithSearchPaths failed for file VtuneApi32e.dll. GetLastError=0
LogInit: Display: Running engine for game: ProjectIcarus
LogPlatformFile: Not using cached read wrapper
LogInit: Display: RandInit(-1596787607) SRandInit(-1596787607).
LogTaskGraph: Started task graph with 5 named threads and 14 total threads with 3 sets of task threads.
LogStats: Stats thread started at 0.181913
LogD3D11RHI: Aftermath initialized
LogPluginManager: Mounting plugin Paper2D
LogPluginManager: Mounting plugin LightPropagationVolume
LogPluginManager: Mounting plugin CodeLiteSourceCodeAccess
LogPluginManager: Mounting plugin GitSourceControl
LogPluginManager: Mounting plugin KDevelopSourceCodeAccess
LogPluginManager: Mounting plugin NullSourceCodeAccess
LogPluginManager: Mounting plugin PerforceSourceControl
LogPluginManager: Mounting plugin SubversionSourceControl
LogPluginManager: Mounting plugin UObjectPlugin
LogPluginManager: Mounting plugin VisualStudioSourceCodeAccess
LogPluginManager: Mounting plugin XCodeSourceCodeAccess
LogPluginManager: Mounting plugin AssetManagerEditor
LogPluginManager: Mounting plugin AudioCapture
LogPluginManager: Mounting plugin FacialAnimation
LogPluginManager: Mounting plugin GameplayTagsEditor
LogPluginManager: Mounting plugin MobileLauncherProfileWizard
LogPluginManager: Mounting plugin PluginBrowser
LogPluginManager: Mounting plugin SpeedTreeImporter
LogPluginManager: Mounting plugin AlembicImporter
LogPluginManager: Mounting plugin CharacterAI
LogPluginManager: Mounting plugin HTML5Networking
LogPluginManager: Mounting plugin AndroidMedia
LogPluginManager: Mounting plugin AvfMedia
LogPluginManager: Mounting plugin MediaPlayerEditor
LogPluginManager: Mounting plugin WmfMedia
LogPluginManager: Mounting plugin TcpMessaging
LogPluginManager: Mounting plugin UdpMessaging
LogPluginManager: Mounting plugin LevelSequenceEditor
LogPluginManager: Mounting plugin MatineeToLevelSequence
LogPluginManager: Mounting plugin OnlineSubsystemGooglePlay
LogPluginManager: Mounting plugin OnlineSubsystemIOS
LogPluginManager: Mounting plugin OnlineSubsystem
LogPluginManager: Mounting plugin OnlineSubsystemNull
LogPluginManager: Mounting plugin OnlineSubsystemUtils
LogPluginManager: Mounting plugin AndroidDeviceProfileSelector
LogPluginManager: Mounting plugin AndroidMoviePlayer
LogPluginManager: Mounting plugin AndroidPermission
LogPluginManager: Mounting plugin AppleMoviePlayer
LogPluginManager: Mounting plugin ArchVisCharacter
LogPluginManager: Mounting plugin CableComponent
LogPluginManager: Mounting plugin CustomMeshComponent
LogPluginManager: Mounting plugin ExampleDeviceProfileSelector
LogPluginManager: Mounting plugin GoogleCloudMessaging
LogPluginManager: Mounting plugin GoogleVRController
LogPluginManager: Mounting plugin GoogleVRHMD
LogPluginManager: Mounting plugin ImmediatePhysics
LogPluginManager: Mounting plugin IOSDeviceProfileSelector
LogPluginManager: Mounting plugin LinuxDeviceProfileSelector
LogPluginManager: Mounting plugin LocationServicesBPLibrary
LogPluginManager: Mounting plugin MobilePatchingUtils
LogPluginManager: Mounting plugin OculusVR
LogPluginManager: Mounting plugin PhysXVehicles
LogPluginManager: Mounting plugin ProceduralMeshComponent
LogPluginManager: Mounting plugin RuntimePhysXCooking
LogPluginManager: Mounting plugin SteamVR
LogPluginManager: Mounting plugin WindowsMoviePlayer
LogInit: Using libcurl 7.47.1
LogInit:  - built for x86_64-pc-win32
LogInit:  - supports SSL with OpenSSL/1.0.2g
LogInit:  - supports HTTP deflate (compression) using libz 1.2.8
LogInit:  - other features:
LogInit:      CURL_VERSION_SSL
LogInit:      CURL_VERSION_LIBZ
LogInit:      CURL_VERSION_IPV6
LogInit:      CURL_VERSION_ASYNCHDNS
LogInit:      CURL_VERSION_LARGEFILE
LogInit:      CURL_VERSION_IDN
LogInit:  CurlRequestOptions (configurable via config and command line):
LogInit:  - bVerifyPeer = false  - Libcurl will NOT verify peer certificate
LogInit:  - bUseHttpProxy = false  - Libcurl will NOT use HTTP proxy
LogInit:  - bDontReuseConnections = false  - Libcurl will reuse connections
LogInit:  - CertBundlePath = nullptr  - Libcurl will use whatever was configured at build time.
LogInit: Build: ++UE4+Release-4.17-CL-3586342
LogInit: Engine Version: 4.17.1-3586342+++UE4+Release-4.17
LogInit: Compatible Engine Version: 4.17.0-3573198+++UE4+Release-4.17
LogInit: Net CL: 3573198
LogDevObjectVersion: Number of dev versions registered: 16
LogDevObjectVersion:   Dev-Blueprints (B0D832E4-1F89-4F0D-ACCF-7EB736FD4AA2): 10
LogDevObjectVersion:   Dev-Build (E1C64328-A22C-4D53-A36C-8E866417BD8C): 0
LogDevObjectVersion:   Dev-Core (375EC13C-06E4-48FB-B500-84F0262A717E): 2
LogDevObjectVersion:   Dev-Editor (E4B068ED-F494-42E9-A231-DA0B2E46BB41): 20
LogDevObjectVersion:   Dev-Framework (CFFC743F-43B0-4480-9391-14DF171D2073): 28
LogDevObjectVersion:   Dev-Mobile (B02B49B5-BB20-44E9-A304-32B752E40360): 0
LogDevObjectVersion:   Dev-Networking (A4E4105C-59A1-49B5-A7C5-40C4547EDFEE): 0
LogDevObjectVersion:   Dev-Online (39C831C9-5AE6-47DC-9A44-9C173E1C8E7C): 0
LogDevObjectVersion:   Dev-Physics (78F01B33-EBEA-4F98-B9B4-84EACCB95AA2): 0
LogDevObjectVersion:   Dev-Platform (6631380F-2D4D-43E0-8009-CF276956A95A): 0
LogDevObjectVersion:   Dev-Rendering (12F88B9F-8875-4AFC-A67C-D90C383ABD29): 19
LogDevObjectVersion:   Dev-Sequencer (7B5AE74C-D270-4C10-A958-57980B212A5A): 4
LogDevObjectVersion:   Dev-VR (D7296918-1DD6-4BDD-9DE2-64A83CC13884): 0
LogDevObjectVersion:   Dev-LoadTimes (C2A15278-BFE7-4AFE-6C17-90FF531DF755): 1
LogDevObjectVersion:   Private-Geometry (6EACA3D4-40EC-4CC1-B786-8BED09428FC5): 1
LogDevObjectVersion:   Dev-AnimPhys (29E575DD-E0A3-4627-9D10-D276232CDCEA): 7
LogInit: Compiled (64-bit): Aug 15 2017 02:05:26
LogInit: Compiled with Visual C++: 19.00.24215.01
LogInit: Build Configuration: Development
LogInit: Branch Name: ++UE4+Release-4.17
LogInit: Command line: -EpicPortal 
LogInit: Base directory: C:/Program Files/Epic Games/UE_4.17/Engine/Binaries/Win64/
LogInit: Installed Engine Build: 1
LogInit: Presizing for max 8388607 objects, including 0 objects not considered by GC, pre-allocating 0 bytes for permanent pool.
LogInit: Object subsystem initialized
[2017.09.10-23.26.12:209][  0]LogInit: Selected Device Profile: [Windows]
[2017.09.10-23.26.12:209][  0]LogInit: Applying CVar settings loaded from the selected device profile: [Windows]
[2017.09.10-23.26.12:223][  0]LogInit: Computer: RICK-ALMIGHTY
[2017.09.10-23.26.12:223][  0]LogInit: User: spame
[2017.09.10-23.26.12:223][  0]LogInit: CPU Page size=4096, Cores=4
[2017.09.10-23.26.12:223][  0]LogInit: High frequency timer resolution =2.630630 MHz
[2017.09.10-23.26.12:223][  0]LogMemory: Memory total: Physical=32.0GB (32GB approx)
[2017.09.10-23.26.12:223][  0]LogMemory: Platform Memory Stats for Windows
[2017.09.10-23.26.12:223][  0]LogMemory: Process Physical Memory: 277.95 MB used, 277.95 MB peak
[2017.09.10-23.26.12:223][  0]LogMemory: Process Virtual Memory: 274.30 MB used, 274.30 MB peak
[2017.09.10-23.26.12:223][  0]LogMemory: Physical Memory: 8894.35 MB used,  23826.32 MB free, 32720.67 MB total
[2017.09.10-23.26.12:223][  0]LogMemory: Virtual Memory: 655.92 MB used,  23826.32 MB free, 134217728.00 MB total
[2017.09.10-23.26.12:702][  0]LogInit: Using OS detected language (en-US).
[2017.09.10-23.26.12:702][  0]LogInit: Using OS detected locale (en-US).
[2017.09.10-23.26.12:706][  0]LogTextLocalizationManager: No specific localization for 'en-US' exists, so the 'en' localization will be used.
[2017.09.10-23.26.13:537][  0]LogD3D11RHI: D3D11 adapters:
[2017.09.10-23.26.14:329][  0]LogD3D11RHI:    0. 'NVIDIA GeForce GTX 980M' (Feature Level 11_0)
[2017.09.10-23.26.14:329][  0]LogD3D11RHI:       8153/0/16360 MB DedicatedVideo/DedicatedSystem/SharedSystem, Outputs:1, VendorId:0x10de
[2017.09.10-23.26.14:330][  0]LogD3D11RHI:    1. 'Microsoft Basic Render Driver' (Feature Level 11_0)
[2017.09.10-23.26.14:330][  0]LogD3D11RHI:       0/0/16360 MB DedicatedVideo/DedicatedSystem/SharedSystem, Outputs:0, VendorId:0x1414
[2017.09.10-23.26.14:330][  0]LogD3D11RHI: Chosen D3D11 Adapter: 0
[2017.09.10-23.26.14:340][  0]LogD3D11RHI: Creating new Direct3DDevice
[2017.09.10-23.26.14:340][  0]LogD3D11RHI:     GPU DeviceId: 0x1617 (for the marketing name, search the web for "GPU Device Id")
[2017.09.10-23.26.14:340][  0]LogWindows: EnumDisplayDevices:
[2017.09.10-23.26.14:340][  0]LogWindows:    0. 'NVIDIA GeForce GTX 980M' (P:1 D:1)
[2017.09.10-23.26.14:340][  0]LogWindows:    1. 'NVIDIA GeForce GTX 980M' (P:0 D:0)
[2017.09.10-23.26.14:340][  0]LogWindows:    2. 'NVIDIA GeForce GTX 980M' (P:0 D:0)
[2017.09.10-23.26.14:340][  0]LogWindows:    3. 'NVIDIA GeForce GTX 980M' (P:0 D:0)
[2017.09.10-23.26.14:340][  0]LogWindows: DebugString: FoundDriverCount:4 
[2017.09.10-23.26.14:340][  0]LogD3D11RHI:     Adapter Name: NVIDIA GeForce GTX 980M
[2017.09.10-23.26.14:340][  0]LogD3D11RHI:   Driver Version: 382.05 (internal:22.21.13.8205, unified:382.05)
[2017.09.10-23.26.14:340][  0]LogD3D11RHI:      Driver Date: 5-1-2017
[2017.09.10-23.26.14:340][  0]LogRHI: Texture pool is 1361 MB (70% of 1945 MB)
[2017.09.10-23.26.15:014][  0]LogD3D11RHI: Async texture creation enabled
[2017.09.10-23.26.15:045][  0]LogD3D11RHI: GPU Timing Frequency: 1000.000000 (Debug: 2 1)
[2017.09.10-23.26.15:087][  0]LogShaderCompilers: Guid format shader working directory is -24 characters bigger than the processId version (../../../../../../Users/spame/Documents/Unreal Projects/ProjectIcarus/Intermediate/Shaders/WorkingDirectory/11744/).
[2017.09.10-23.26.15:087][  0]LogShaderCompilers: Cleaned the shader compiler working directory 'C:/Users/spame/AppData/Local/Temp/UnrealShaderWorkingDir/39B4238449F56845CD2EB5A0AB36523C/'.
[2017.09.10-23.26.15:087][  0]LogShaderCompilers: Display: Using Local Shader Compiler.
[2017.09.10-23.26.16:177][  0]LogTemp: Display: Loaded TP AllDesktopTargetPlatform
[2017.09.10-23.26.16:245][  0]LogTemp: Display: Loaded TP MacClientTargetPlatform
[2017.09.10-23.26.16:306][  0]LogTemp: Display: Loaded TP MacNoEditorTargetPlatform
[2017.09.10-23.26.16:368][  0]LogTemp: Display: Loaded TP MacServerTargetPlatform
[2017.09.10-23.26.16:434][  0]LogTemp: Display: Loaded TP MacTargetPlatform
[2017.09.10-23.26.16:500][  0]LogTemp: Display: Loaded TP WindowsClientTargetPlatform
[2017.09.10-23.26.16:564][  0]LogTemp: Display: Loaded TP WindowsNoEditorTargetPlatform
[2017.09.10-23.26.16:625][  0]LogTemp: Display: Loaded TP WindowsServerTargetPlatform
[2017.09.10-23.26.16:686][  0]LogTemp: Display: Loaded TP WindowsTargetPlatform
[2017.09.10-23.26.16:750][  0]LogTemp: Display: Loaded TP AndroidTargetPlatform
[2017.09.10-23.26.16:811][  0]LogTemp: Display: Loaded TP Android_ASTCTargetPlatform
[2017.09.10-23.26.16:876][  0]LogTemp: Display: Loaded TP Android_ATCTargetPlatform
[2017.09.10-23.26.16:938][  0]LogTemp: Display: Loaded TP Android_DXTTargetPlatform
[2017.09.10-23.26.17:000][  0]LogTemp: Display: Loaded TP Android_ETC1TargetPlatform
[2017.09.10-23.26.17:063][  0]LogTemp: Display: Loaded TP Android_ETC2TargetPlatform
[2017.09.10-23.26.17:220][  0]LogTemp: Display: Loaded TP Android_MultiTargetPlatform
[2017.09.10-23.26.17:220][  0]LogTemp: Display: Loaded TP Android_PVRTCTargetPlatform
[2017.09.10-23.26.17:281][  0]LogTemp: Display: Loaded TP HTML5TargetPlatform
[2017.09.10-23.26.17:415][  0]LogTemp: Display: Loaded TP IOSTargetPlatform
[2017.09.10-23.26.17:449][  0]LogTemp: Display: Loaded TP TVOSTargetPlatform
[2017.09.10-23.26.17:516][  0]LogTemp: Display: Loaded TP LinuxClientTargetPlatform
[2017.09.10-23.26.17:579][  0]LogTemp: Display: Loaded TP LinuxNoEditorTargetPlatform
[2017.09.10-23.26.17:643][  0]LogTemp: Display: Loaded TP LinuxServerTargetPlatform
[2017.09.10-23.26.17:704][  0]LogTemp: Display: Loaded TP LinuxTargetPlatform
[2017.09.10-23.26.17:704][  0]LogTargetPlatformManager: Display: Building Assets For Windows
[2017.09.10-23.26.18:301][  0]LogDerivedDataCache: Display: Max Cache Size: 512 MB
[2017.09.10-23.26.18:416][  0]LogDerivedDataCache: Loaded boot cache 0.11s 94MB C:/Users/spame/AppData/Local/UnrealEngine/4.17/DerivedDataCache/Boot.ddc.
[2017.09.10-23.26.18:416][  0]LogDerivedDataCache: Display: Loaded Boot cache: C:/Users/spame/AppData/Local/UnrealEngine/4.17/DerivedDataCache/Boot.ddc
[2017.09.10-23.26.18:416][  0]LogDerivedDataCache: FDerivedDataBackendGraph:  Pak pak cache file ../../../../../../Users/spame/Documents/Unreal Projects/ProjectIcarus/DerivedDataCache/DDC.ddp not found, will not use a pak cache.
[2017.09.10-23.26.18:416][  0]LogDerivedDataCache: Unable to find inner node Pak for hierarchical cache Hierarchy.
[2017.09.10-23.26.18:416][  0]LogDerivedDataCache: FDerivedDataBackendGraph:  CompressedPak pak cache file ../../../../../../Users/spame/Documents/Unreal Projects/ProjectIcarus/DerivedDataCache/Compressed.ddp not found, will not use a pak cache.
[2017.09.10-23.26.18:416][  0]LogDerivedDataCache: Unable to find inner node CompressedPak for hierarchical cache Hierarchy.
[2017.09.10-23.26.18:434][  0]LogDerivedDataCache: Display: Pak cache opened for reading ../../../Engine/DerivedDataCache/Compressed.ddp.
[2017.09.10-23.26.18:447][  0]LogDerivedDataCache: Using Local data cache path C:/Users/spame/AppData/Local/UnrealEngine/Common/DerivedDataCache: Writable
[2017.09.10-23.26.18:459][  0]LogMaterial: Verifying Global Shaders for PCD3D_SM5
[2017.09.10-23.26.18:459][  0]LogSlate: Using Freetype 2.6.0
[2017.09.10-23.26.18:460][  0]LogSlate: SlateFontCache - WITH_FREETYPE: 1, WITH_HARFBUZZ: 1
[2017.09.10-23.26.18:460][  0]LogSlate: SlateFontCache - WITH_FREETYPE: 1, WITH_HARFBUZZ: 1
[2017.09.10-23.26.18:758][  0]LogAssetRegistry: FAssetRegistry took 0.0292 seconds to start up
[2017.09.10-23.26.18:889][  0]LogInit: Selected Device Profile: [Windows]
[2017.09.10-23.26.19:063][  0]LogContentStreaming: Texture pool size is 0.00 MB
[2017.09.10-23.26.19:422][  0]LogSimplygon: Simplygon DLL not present - disabling.
[2017.09.10-23.26.19:475][  0]LogMeshReduction: Using SimplygonSwarm for distributed automatic mesh merging
[2017.09.10-23.26.19:475][  0]LogMeshReduction: Using QuadricMeshReduction for automatic static mesh reduction
[2017.09.10-23.26.19:475][  0]LogMeshReduction: No automatic skeletal mesh reduction module available
[2017.09.10-23.26.19:475][  0]LogMeshReduction: No automatic mesh merging module available
[2017.09.10-23.26.19:475][  0]LogMeshMerging: No automatic mesh merging module available
[2017.09.10-23.26.19:878][  0]LogNetVersion: ProjectIcarus , NetCL: 3573198, EngineNetVer: 2, GameNetVer: 0 (Checksum: 1075947222)
[2017.09.10-23.26.20:039][  0]LogLinker: Warning: Asset '../../../Engine/Plugins/Runtime/GoogleVR/GoogleVRController/Content/TooltipTextMaterial.uasset' has been saved with empty engine version. The asset will be loaded but may be incompatible.
[2017.09.10-23.26.20:040][  0]LogLinker: Warning: Asset '../../../Engine/Plugins/Runtime/GoogleVR/GoogleVRController/Content/ControllerParameters.uasset' has been saved with empty engine version. The asset will be loaded but may be incompatible.
[2017.09.10-23.26.20:046][  0]LogLinker: Warning: Asset '../../../Engine/Plugins/Runtime/GoogleVR/GoogleVRController/Content/GazeReticleMesh.uasset' has been saved with empty engine version. The asset will be loaded but may be incompatible.
[2017.09.10-23.26.20:048][  0]LogLinker: Warning: Asset '../../../Engine/Plugins/Runtime/GoogleVR/GoogleVRController/Content/GazeReticleMaterial.uasset' has been saved with empty engine version. The asset will be loaded but may be incompatible.
[2017.09.10-23.26.20:058][  0]LogLinker: Warning: Asset '../../../Engine/Plugins/Runtime/GoogleVR/GoogleVRController/Content/ControllerMesh.uasset' has been saved with empty engine version. The asset will be loaded but may be incompatible.
[2017.09.10-23.26.20:059][  0]LogLinker: Warning: Asset '../../../Engine/Plugins/Runtime/GoogleVR/GoogleVRController/Content/ControllerBaseMaterial.uasset' has been saved with empty engine version. The asset will be loaded but may be incompatible.
[2017.09.10-23.26.20:061][  0]LogLinker: Warning: Asset '../../../Engine/Plugins/Runtime/GoogleVR/GoogleVRController/Content/ControllerIdleTexture.uasset' has been saved with empty engine version. The asset will be loaded but may be incompatible.
[2017.09.10-23.26.20:080][  0]LogLinker: Warning: Asset '../../../Engine/Plugins/Runtime/GoogleVR/GoogleVRController/Content/ControllerIdleMaterial.uasset' has been saved with empty engine version. The asset will be loaded but may be incompatible.
[2017.09.10-23.26.20:082][  0]LogLinker: Warning: Asset '../../../Engine/Plugins/Runtime/GoogleVR/GoogleVRController/Content/ControllerPadMaterial.uasset' has been saved with empty engine version. The asset will be loaded but may be incompatible.
[2017.09.10-23.26.20:084][  0]LogLinker: Warning: Asset '../../../Engine/Plugins/Runtime/GoogleVR/GoogleVRController/Content/ControllerPadTexture.uasset' has been saved with empty engine version. The asset will be loaded but may be incompatible.
[2017.09.10-23.26.20:086][  0]LogLinker: Warning: Asset '../../../Engine/Plugins/Runtime/GoogleVR/GoogleVRController/Content/ControllerAppMaterial.uasset' has been saved with empty engine version. The asset will be loaded but may be incompatible.
[2017.09.10-23.26.20:088][  0]LogLinker: Warning: Asset '../../../Engine/Plugins/Runtime/GoogleVR/GoogleVRController/Content/ControllerAppTexture.uasset' has been saved with empty engine version. The asset will be loaded but may be incompatible.
[2017.09.10-23.26.20:091][  0]LogLinker: Warning: Asset '../../../Engine/Plugins/Runtime/GoogleVR/GoogleVRController/Content/ControllerSysMaterial.uasset' has been saved with empty engine version. The asset will be loaded but may be incompatible.
[2017.09.10-23.26.20:092][  0]LogLinker: Warning: Asset '../../../Engine/Plugins/Runtime/GoogleVR/GoogleVRController/Content/ControllerSysTexture.uasset' has been saved with empty engine version. The asset will be loaded but may be incompatible.
[2017.09.10-23.26.20:095][  0]LogLinker: Warning: Asset '../../../Engine/Plugins/Runtime/GoogleVR/GoogleVRController/Content/TouchMaterial.uasset' has been saved with empty engine version. The asset will be loaded but may be incompatible.
[2017.09.10-23.26.20:097][  0]LogLinker: Warning: Asset '../../../Engine/Plugins/Runtime/GoogleVR/GoogleVRController/Content/touchTexture.uasset' has been saved with empty engine version. The asset will be loaded but may be incompatible.
[2017.09.10-23.26.20:102][  0]LogLinker: Warning: Asset '../../../Engine/Plugins/Runtime/GoogleVR/GoogleVRController/Content/BatteryIndicatorMaterial.uasset' has been saved with empty engine version. The asset will be loaded but may be incompatible.
[2017.09.10-23.26.20:108][  0]LogLinker: Warning: Asset '../../../Engine/Plugins/Runtime/GoogleVR/GoogleVRController/Content/BatteryIndicatorUnknown.uasset' has been saved with empty engine version. The asset will be loaded but may be incompatible.
[2017.09.10-23.26.20:110][  0]LogLinker: Warning: Asset '../../../Engine/Plugins/Runtime/GoogleVR/GoogleVRController/Content/BatteryIndicatorFull.uasset' has been saved with empty engine version. The asset will be loaded but may be incompatible.
[2017.09.10-23.26.20:112][  0]LogLinker: Warning: Asset '../../../Engine/Plugins/Runtime/GoogleVR/GoogleVRController/Content/BatteryIndicatorAlmostFull.uasset' has been saved with empty engine version. The asset will be loaded but may be incompatible.
[2017.09.10-23.26.20:114][  0]LogLinker: Warning: Asset '../../../Engine/Plugins/Runtime/GoogleVR/GoogleVRController/Content/BatteryIndicatorMedium.uasset' has been saved with empty engine version. The asset will be loaded but may be incompatible.
[2017.09.10-23.26.20:116][  0]LogLinker: Warning: Asset '../../../Engine/Plugins/Runtime/GoogleVR/GoogleVRController/Content/BatteryIndicatorLow.uasset' has been saved with empty engine version. The asset will be loaded but may be incompatible.
[2017.09.10-23.26.20:119][  0]LogLinker: Warning: Asset '../../../Engine/Plugins/Runtime/GoogleVR/GoogleVRController/Content/BatteryIndicatorCriticalLow.uasset' has been saved with empty engine version. The asset will be loaded but may be incompatible.
[2017.09.10-23.26.20:121][  0]LogLinker: Warning: Asset '../../../Engine/Plugins/Runtime/GoogleVR/GoogleVRController/Content/BatteryIndicatorCharging.uasset' has been saved with empty engine version. The asset will be loaded but may be incompatible.
[2017.09.10-23.26.20:123][  0]LogLinker: Warning: Asset '../../../Engine/Plugins/Runtime/GoogleVR/GoogleVRController/Content/ControllerRetMaterial.uasset' has been saved with empty engine version. The asset will be loaded but may be incompatible.
[2017.09.10-23.26.20:124][  0]LogLinker: Warning: Asset '../../../Engine/Plugins/Runtime/GoogleVR/GoogleVRController/Content/ControllerReticleTexture.uasset' has been saved with empty engine version. The asset will be loaded but may be incompatible.
[2017.09.10-23.26.20:130][  0]LogLinker: Warning: Asset '../../../Engine/Plugins/Runtime/GoogleVR/GoogleVRController/Content/LaserPlane.uasset' has been saved with empty engine version. The asset will be loaded but may be incompatible.
[2017.09.10-23.26.20:131][  0]LogLinker: Warning: Can't find file '/GoogleVRController/LaserPlaneMaterial'
[2017.09.10-23.26.20:131][  0]LogLinker: Warning: Can't find file for asset '/GoogleVRController/LaserPlaneMaterial' while loading ../../../Engine/Plugins/Runtime/GoogleVR/GoogleVRController/Content/LaserPlane.uasset.
[2017.09.10-23.26.20:131][  0]LoadErrors: Error: /GoogleVRController/LaserPlane : Can't find file for asset. /GoogleVRController/LaserPlaneMaterial
[2017.09.10-23.26.20:131][  0]LogLinker: Warning: Can't find file '/GoogleVRController/LaserPlaneMaterial'
[2017.09.10-23.26.20:131][  0]LogLinker: Warning: Can't find file for asset '/GoogleVRController/LaserPlaneMaterial' while loading ../../../Engine/Plugins/Runtime/GoogleVR/GoogleVRController/Content/LaserPlane.uasset.
[2017.09.10-23.26.20:131][  0]LoadErrors: Error: /GoogleVRController/LaserPlane : Can't find file for asset. /GoogleVRController/LaserPlaneMaterial
[2017.09.10-23.26.20:132][  0]LogLinker: Warning: Can't find file '/GoogleVRController/LaserPlaneMaterial'
[2017.09.10-23.26.20:132][  0]LoadErrors: Failed to load /GoogleVRController/LaserPlaneMaterial.LaserPlaneMaterial Referenced by LaserPlane
[2017.09.10-23.26.20:132][  0]LogLinker: Warning: Can't find file for asset '/GoogleVRController/LaserPlaneMaterial' while loading NULL.
[2017.09.10-23.26.20:132][  0]LoadErrors: Failed to load /GoogleVRController/LaserPlaneMaterial.LaserPlaneMaterial Referenced by LaserPlane
[2017.09.10-23.26.20:252][  0]LogPackageLocalizationCache: Processed 6 localized package path(s) for 2 prioritized culture(s) in 0.081328 seconds
[2017.09.10-23.26.20:258][  0]LogUObjectArray: 36351 objects as part of root set at end of initial load.
[2017.09.10-23.26.20:258][  0]LogUObjectAllocator: 7688592 out of 0 bytes used by permanent object pool.
[2017.09.10-23.26.20:258][  0]LogUObjectArray: CloseDisregardForGC: 0/0 objects in disregard for GC pool
[2017.09.10-23.26.20:334][  0]LogInit: WinSock: version 1.1 (2.2), MaxSocks=32767, MaxUdp=65467
[2017.09.10-23.26.23:668][  0]LogTcpMessaging: Initializing TcpMessaging bridge
[2017.09.10-23.26.23:718][  0]LogUdpMessaging: Initializing bridge on interface 0.0.0.0:0 to multicast group 230.0.0.1:6666.
[2017.09.10-23.26.24:557][  0]LogMaterial: Uniform references updated for custom material expression Custom.
[2017.09.10-23.26.25:085][  0]SourceControl: Source control is disabled
[2017.09.10-23.26.26:744][  0]LogAndroidPermission: UAndroidPermissionCallbackProxy::GetInstance
[2017.09.10-23.26.27:065][  0]LogOcInput: OculusInput pre-init called
[2017.09.10-23.26.27:401][  0]LogEngine: Initializing Engine...
[2017.09.10-23.26.27:533][  0]LogHMD: GoogleVR API created
[2017.09.10-23.26.27:807][  0]LogStats: UGameplayTagsManager::ConstructGameplayTagTree: Construct from data asset -  0.000 s
[2017.09.10-23.26.27:807][  0]LogStats: UGameplayTagsManager::ConstructGameplayTagTree: GameplayTagTreeChangedEvent.Broadcast -  0.000 s
[2017.09.10-23.26.27:998][  0]LogAIModule: Creating AISystem for world Untitled
[2017.09.10-23.26.28:035][  0]LogInit: XAudio2 using 'Extron HDMI-C (NVIDIA High Definition Audio)' : 2 channels at 48 kHz using 16 bits per sample (channel mask 0x3)
[2017.09.10-23.26.28:056][  0]LogInit: FAudioDevice initialized.
[2017.09.10-23.26.28:133][  0]LogDerivedDataCache: Saved boot cache 0.08s 94MB C:/Users/spame/AppData/Local/UnrealEngine/4.17/DerivedDataCache/Boot.ddc.
[2017.09.10-23.26.28:148][  0]LogInit: Texture streaming: Enabled
[2017.09.10-23.26.28:308][  0]LogEngineSessionManager: EngineSessionManager initialized
[2017.09.10-23.26.28:608][  0]LogInit: Transaction tracking system initialized
[2017.09.10-23.26.29:078][  0]BlueprintLog: New page: Editor Load
[2017.09.10-23.26.30:395][  0]LocalizationService: Localization service is disabled
[2017.09.10-23.26.31:990][  0]LogConsoleResponse: Display: 
[2017.09.10-23.26.32:235][  0]LogCook: Display: Max memory allowance for cook 16384mb min free memory 0mb
[2017.09.10-23.26.32:235][  0]LogCook: Display: Mobile HDR setting 0
[2017.09.10-23.26.32:235][  0]LogGameplayTags: Display: UGameplayTagsManager::DoneAddingNativeTags. DelegateIsBound: 0
[2017.09.10-23.26.32:473][  0]LogFileCache: Scanning file cache for directory 'C:/Users/spame/Documents/Unreal Projects/ProjectIcarus/Content/' took 0.01s
[2017.09.10-23.26.33:778][  0]Cmd: MAP LOAD FILE="../../../Engine/Content/Maps/Templates/Template_Default.umap" TEMPLATE=1 SHOWPROGRESS=1 FEATURELEVEL=3
[2017.09.10-23.26.33:778][  0]LightingResults: New page: Lighting Build
[2017.09.10-23.26.33:834][  0]MapCheck: New page: Map Check
[2017.09.10-23.26.33:834][  0]LightingResults: New page: Lighting Build
[2017.09.10-23.26.34:039][  0]LogAIModule: Creating AISystem for world Untitled_1
[2017.09.10-23.26.34:044][  0]LogEditorServer: Finished looking for orphan Actors (0.000 secs)
[2017.09.10-23.26.34:058][  0]Cmd: MAP CHECKDEP NOCLEARLOG
[2017.09.10-23.26.34:153][  0]MapCheck: Map check complete: 0 Error(s), 0 Warning(s), took 94.345ms to complete.
[2017.09.10-23.26.34:153][  0]LogFileHelpers: Loading map 'Template_Default' took 0.375
[2017.09.10-23.26.34:349][  0]LogCollectionManager: Loaded 0 collections in 0.002816 seconds
[2017.09.10-23.26.34:473][  0]LogFileCache: Scanning file cache for directory 'C:/Users/spame/Documents/Unreal Projects/ProjectIcarus/Saved/Collections/' took 0.01s
[2017.09.10-23.26.34:473][  0]LogFileCache: Scanning file cache for directory 'C:/Users/spame/Documents/Unreal Projects/ProjectIcarus/Content/Developers/spame/Collections/' took 0.01s
[2017.09.10-23.26.34:473][  0]LogFileCache: Scanning file cache for directory 'C:/Users/spame/Documents/Unreal Projects/ProjectIcarus/Content/Collections/' took 0.01s
[2017.09.10-23.26.34:473][  0]LogCollectionManager: Rebuilt the GUID cache for 0 collections in 0.000000 seconds
[2017.09.10-23.26.34:485][  0]LogContentBrowser: Native class hierarchy populated in 0.0117 seconds. Added 2398 classes and 507 folders.
[2017.09.10-23.26.34:588][  0]LogContentBrowser: Native class hierarchy updated for 'WidgetCarousel' in 0.0009 seconds. Added 0 classes and 0 folders.
[2017.09.10-23.26.34:654][  0]LogContentBrowser: Native class hierarchy updated for 'AddContentDialog' in 0.0006 seconds. Added 0 classes and 0 folders.
[2017.09.10-23.26.34:719][  0]LogContentBrowser: Native class hierarchy updated for 'SceneOutliner' in 0.0010 seconds. Added 1 classes and 2 folders.
[2017.09.10-23.26.34:803][  0]LogSlate: Took 0.000449 seconds to synchronously load lazily loaded font '../../../Engine/Content/Slate/Fonts/Roboto-Regular.ttf' (155K)
[2017.09.10-23.26.34:807][  0]LogSlate: Took 0.000406 seconds to synchronously load lazily loaded font '../../../Engine/Content/Slate/Fonts/Roboto-Bold.ttf' (160K)
[2017.09.10-23.26.34:813][  0]LogSlate: Took 0.000362 seconds to synchronously load lazily loaded font '../../../Engine/Content/Editor/Slate/Fonts/FontAwesome.ttf' (139K)
[2017.09.10-23.26.34:944][  0]LogRenderer: Reallocating scene render targets to support 1240x576 Format 9 NumSamples 1 (Frame:1).
[2017.09.10-23.26.35:132][  0]LogContentBrowser: Native class hierarchy updated for 'HierarchicalLODOutliner' in 0.0011 seconds. Added 1 classes and 2 folders.
[2017.09.10-23.26.35:132][  0]LogLoad: (Engine Initialization) Total time: 25.32 seconds
[2017.09.10-23.26.35:132][  0]LogLoad: (Engine Initialization) Total Blueprint compile time: 0.00 seconds
[2017.09.10-23.26.35:132][  0]LogExternalProfiler: No external profilers were discovered.  External profiling features will not be available.
[2017.09.10-23.26.35:472][  0]LogGoogleVRController: Creating Input Device: GoogleVRController -- Supported
[2017.09.10-23.26.35:472][  0]LogGoogleVRController: Successfully initialized GoogleVR Controller.
[2017.09.10-23.26.35:472][  0]LogGoogleVRController: GoogleVR Controller Created
[2017.09.10-23.26.35:503][  0]SourceControl: On branch master
[2017.09.10-23.26.35:503][  0]SourceControl: Your branch is up-to-date with 'origin/master'.
[2017.09.10-23.26.35:503][  0]SourceControl: Changes not staged for commit:
[2017.09.10-23.26.35:503][  0]SourceControl:   (use "git add <file>..." to update what will be committed)
[2017.09.10-23.26.35:503][  0]SourceControl:   (use "git checkout -- <file>..." to discard changes in working directory)
[2017.09.10-23.26.35:503][  0]SourceControl: 	modified:   Saved/Config/Windows/Engine.ini
[2017.09.10-23.26.35:503][  0]SourceControl: 	modified:   Saved/Logs/ProjectIcarus.log
[2017.09.10-23.26.35:503][  0]SourceControl: Untracked files:
[2017.09.10-23.26.35:503][  0]SourceControl:   (use "git add <file>..." to include in what will be committed)
[2017.09.10-23.26.35:503][  0]SourceControl: 	Saved/Config/CrashReportClient/UE4CC-Windows-2871E39D43E8800338990B8C354740A3/
[2017.09.10-23.26.35:503][  0]SourceControl: 	Saved/Logs/ProjectIcarus-backup-2017.09.10-16.26.11.log
[2017.09.10-23.26.35:503][  0]SourceControl: no changes added to commit (use "git add" and/or "git commit -a")
[2017.09.10-23.26.35:504][  0]LogContentStreaming: Texture pool size now 400 MB
[2017.09.10-23.26.35:519][  0]LogSlate: Took 0.000211 seconds to synchronously load lazily loaded font '../../../Engine/Content/Slate/Fonts/Roboto-Light.ttf' (159K)
[2017.09.10-23.26.35:813][  1]LogAssetRegistry: Asset discovery search completed in 17.0769 seconds
[2017.09.10-23.26.35:815][  1]LogCollectionManager: Rebuilt the object cache for 0 collections in 0.000000 seconds (found 0 objects)
[2017.09.10-23.26.35:815][  1]LogCollectionManager: Fixed up redirectors for 0 collections in 0.000064 seconds (updated 0 objects)
[2017.09.10-23.28.48:758][772]LogWindowsTextInputMethodSystem: Display: IME system now deactivated.
[2017.09.10-23.28.48:758][772]LogWindowsTextInputMethodSystem: Display: IME system now deactivated.
[2017.09.10-23.28.48:958][773]Cmd: QUIT_EDITOR
[2017.09.10-23.28.48:985][773]LogExit: Preparing to exit.
[2017.09.10-23.28.49:895][773]LogDirectoryWatcher: A directory notification for 'C:/Users/spame/Documents/Unreal Projects/ProjectIcarus/Content/' was aborted.
[2017.09.10-23.28.49:912][773]LogExit: Editor shut down
[2017.09.10-23.28.49:916][773]LogExit: Transaction tracking system shut down
[2017.09.10-23.28.50:149][773]LogDirectoryWatcher: A directory notification for '../../../Engine/Content/' was aborted.
[2017.09.10-23.28.50:149][773]LogDirectoryWatcher: A directory notification for '../../../../../../Users/spame/Documents/Unreal Projects/ProjectIcarus/Content/' was aborted.
[2017.09.10-23.28.50:149][773]LogDirectoryWatcher: A directory notification for '../../../Engine/Plugins/2D/Paper2D/Content/' was aborted.
[2017.09.10-23.28.50:149][773]LogDirectoryWatcher: A directory notification for '../../../Engine/Plugins/Runtime/GoogleVR/GoogleVRController/Content/' was aborted.
[2017.09.10-23.28.50:149][773]LogDirectoryWatcher: A directory notification for '../../../Engine/Plugins/Runtime/Oculus/OculusVR/Content/' was aborted.
[2017.09.10-23.28.50:149][773]LogDirectoryWatcher: A directory notification for '../../../Engine/Plugins/Runtime/Steam/SteamVR/Content/' was aborted.
[2017.09.10-23.28.50:203][773]LogExit: Object subsystem successfully closed.
[2017.09.10-23.28.50:216][773]LogD3D11RHI: Shutdown
[2017.09.10-23.28.50:216][773]LogD3D11RHI: CleanupD3DDevice
[2017.09.10-23.28.50:270][773]LogD3D11RHI: ~FD3D11DynamicRHI
[2017.09.10-23.28.50:304][773]LogModuleManager: Shutting down and abandoning module HierarchicalLODOutliner (534)
[2017.09.10-23.28.50:304][773]LogModuleManager: Shutting down and abandoning module SceneOutliner (532)
[2017.09.10-23.28.50:304][773]LogModuleManager: Shutting down and abandoning module AddContentDialog (530)
[2017.09.10-23.28.50:304][773]LogDirectoryWatcher: A directory notification for 'C:/Program Files/Epic Games/UE_4.17/FeaturePacks/' was aborted.
[2017.09.10-23.28.50:305][773]LogModuleManager: Shutting down and abandoning module WidgetCarousel (529)
[2017.09.10-23.28.50:305][773]LogModuleManager: Shutting down and abandoning module EditorWidgets (526)
[2017.09.10-23.28.50:305][773]LogModuleManager: Shutting down and abandoning module CollectionManager (524)
[2017.09.10-23.28.50:306][773]LogDirectoryWatcher: A directory notification for 'C:/Users/spame/Documents/Unreal Projects/ProjectIcarus/Content/Collections/' was aborted.
[2017.09.10-23.28.50:306][773]LogDirectoryWatcher: A directory notification for 'C:/Users/spame/Documents/Unreal Projects/ProjectIcarus/Content/Developers/spame/Collections/' was aborted.
[2017.09.10-23.28.50:306][773]LogDirectoryWatcher: A directory notification for 'C:/Users/spame/Documents/Unreal Projects/ProjectIcarus/Saved/Collections/' was aborted.
[2017.09.10-23.28.50:306][773]LogModuleManager: Shutting down and abandoning module StatsViewer (522)
[2017.09.10-23.28.50:306][773]LogModuleManager: Shutting down and abandoning module FoliageEdit (520)
[2017.09.10-23.28.50:306][773]LogModuleManager: Shutting down and abandoning module LandscapeEditor (518)
[2017.09.10-23.28.50:306][773]LogModuleManager: Shutting down and abandoning module MeshPaintMode (516)
[2017.09.10-23.28.50:306][773]LogModuleManager: Shutting down and abandoning module SceneDepthPickerMode (514)
[2017.09.10-23.28.50:306][773]LogModuleManager: Shutting down and abandoning module ActorPickerMode (512)
[2017.09.10-23.28.50:306][773]LogModuleManager: Shutting down and abandoning module GeometryMode (510)
[2017.09.10-23.28.50:306][773]LogModuleManager: Shutting down and abandoning module TextureAlignMode (508)
[2017.09.10-23.28.50:306][773]LogModuleManager: Shutting down and abandoning module BspMode (506)
[2017.09.10-23.28.50:306][773]LogModuleManager: Shutting down and abandoning module PIEPreviewDeviceProfileSelector (504)
[2017.09.10-23.28.50:306][773]LogModuleManager: Shutting down and abandoning module HardwareSurvey (502)
[2017.09.10-23.28.50:306][773]LogModuleManager: Shutting down and abandoning module SequenceRecorderSections (500)
[2017.09.10-23.28.50:306][773]LogModuleManager: Shutting down and abandoning module AutomationWorker (498)
[2017.09.10-23.28.50:306][773]LogModuleManager: Shutting down and abandoning module MatineeToLevelSequence (496)
[2017.09.10-23.28.50:306][773]LogModuleManager: Shutting down and abandoning module LevelSequenceEditor (494)
[2017.09.10-23.28.50:306][773]LogModuleManager: Shutting down and abandoning module PlacementMode (493)
[2017.09.10-23.28.50:306][773]LogModuleManager: Shutting down and abandoning module WmfMediaFactory (490)
[2017.09.10-23.28.50:307][773]LogModuleManager: Shutting down and abandoning module WmfMediaEditor (488)
[2017.09.10-23.28.50:307][773]LogModuleManager: Shutting down and abandoning module AvfMediaFactory (486)
[2017.09.10-23.28.50:307][773]LogModuleManager: Shutting down and abandoning module AvfMediaEditor (484)
[2017.09.10-23.28.50:307][773]LogModuleManager: Shutting down and abandoning module AndroidMediaFactory (482)
[2017.09.10-23.28.50:307][773]LogModuleManager: Shutting down and abandoning module Media (481)
[2017.09.10-23.28.50:307][773]LogModuleManager: Shutting down and abandoning module AndroidMediaEditor (478)
[2017.09.10-23.28.50:307][773]LogModuleManager: Shutting down and abandoning module CharacterAI (476)
[2017.09.10-23.28.50:307][773]LogModuleManager: Shutting down and abandoning module AudioCapture (474)
[2017.09.10-23.28.50:307][773]LogModuleManager: Shutting down and abandoning module SequenceRecorder (473)
[2017.09.10-23.28.50:307][773]LogModuleManager: Shutting down and abandoning module SmartSnapping (470)
[2017.09.10-23.28.50:307][773]LogModuleManager: Shutting down and abandoning module SessionServices (468)
[2017.09.10-23.28.50:307][773]LogModuleManager: Shutting down and abandoning module ViewportSnapping (466)
[2017.09.10-23.28.50:307][773]LogModuleManager: Shutting down and abandoning module ViewportInteraction (464)
[2017.09.10-23.28.50:307][773]LogModuleManager: Shutting down and abandoning module ClothPainter (462)
[2017.09.10-23.28.50:307][773]LogModuleManager: Shutting down and abandoning module LogVisualizer (460)
[2017.09.10-23.28.50:307][773]LogModuleManager: Shutting down and abandoning module IntroTutorials (458)
[2017.09.10-23.28.50:307][773]LogModuleManager: Shutting down and abandoning module GameProjectGeneration (457)
[2017.09.10-23.28.50:307][773]LogModuleManager: Shutting down and abandoning module IOSPlatformEditor (454)
[2017.09.10-23.28.50:307][773]LogModuleManager: Shutting down and abandoning module HTML5PlatformEditor (452)
[2017.09.10-23.28.50:307][773]LogModuleManager: Shutting down and abandoning module AndroidPlatformEditor (450)
[2017.09.10-23.28.50:307][773]LogModuleManager: Shutting down and abandoning module AndroidDeviceDetection (449)
[2017.09.10-23.28.50:548][773]LogModuleManager: Shutting down and abandoning module WindowsPlatformEditor (446)
[2017.09.10-23.28.50:548][773]LogModuleManager: Shutting down and abandoning module IOSRuntimeSettings (444)
[2017.09.10-23.28.50:548][773]LogModuleManager: Shutting down and abandoning module AndroidRuntimeSettings (442)
[2017.09.10-23.28.50:548][773]LogModuleManager: Shutting down and abandoning module InputBindingEditor (440)
[2017.09.10-23.28.50:548][773]LogModuleManager: Shutting down and abandoning module MergeActors (438)
[2017.09.10-23.28.50:548][773]LogModuleManager: Shutting down and abandoning module SizeMap (436)
[2017.09.10-23.28.50:548][773]LogModuleManager: Shutting down and abandoning module TreeMap (434)
[2017.09.10-23.28.50:548][773]LogModuleManager: Shutting down and abandoning module ReferenceViewer (432)
[2017.09.10-23.28.50:548][773]LogModuleManager: Shutting down and abandoning module LocalizationDashboard (430)
[2017.09.10-23.28.50:548][773]LogModuleManager: Shutting down and abandoning module LocalizationService (429)
[2017.09.10-23.28.50:548][773]LogModuleManager: Shutting down and abandoning module HardwareTargeting (426)
[2017.09.10-23.28.50:548][773]LogModuleManager: Shutting down and abandoning module DeviceProfileEditor (424)
[2017.09.10-23.28.50:548][773]LogModuleManager: Shutting down and abandoning module UndoHistory (422)
[2017.09.10-23.28.50:548][773]LogModuleManager: Shutting down and abandoning module XmlParser (420)
[2017.09.10-23.28.50:548][773]LogModuleManager: Shutting down and abandoning module Blutility (418)
[2017.09.10-23.28.50:548][773]LogModuleManager: Shutting down and abandoning module ProjectSettingsViewer (416)
[2017.09.10-23.28.50:549][773]LogModuleManager: Shutting down and abandoning module ProjectTargetPlatformEditor (415)
[2017.09.10-23.28.50:549][773]LogModuleManager: Shutting down and abandoning module EditorSettingsViewer (412)
[2017.09.10-23.28.50:549][773]LogModuleManager: Shutting down and abandoning module SettingsEditor (410)
[2017.09.10-23.28.50:549][773]LogModuleManager: Shutting down and abandoning module ProjectLauncher (408)
[2017.09.10-23.28.50:549][773]LogModuleManager: Shutting down and abandoning module SessionFrontend (406)
[2017.09.10-23.28.50:549][773]LogModuleManager: Shutting down and abandoning module ProfilerClient (404)
[2017.09.10-23.28.50:549][773]LogModuleManager: Shutting down and abandoning module DeviceManager (402)
[2017.09.10-23.28.50:549][773]LogModuleManager: Shutting down and abandoning module TargetDeviceServices (401)
[2017.09.10-23.28.50:625][773]LogModuleManager: Shutting down and abandoning module AutomationController (398)
[2017.09.10-23.28.50:625][773]LogModuleManager: Shutting down and abandoning module AutomationWindow (396)
[2017.09.10-23.28.50:625][773]LogModuleManager: Shutting down and abandoning module Layers (394)
[2017.09.10-23.28.50:625][773]LogModuleManager: Shutting down and abandoning module ComponentVisualizers (392)
[2017.09.10-23.28.50:625][773]LogModuleManager: Shutting down and abandoning module DetailCustomizations (390)
[2017.09.10-23.28.50:625][773]LogModuleManager: Shutting down and abandoning module PackagesDialog (388)
[2017.09.10-23.28.50:625][773]LogModuleManager: Shutting down and abandoning module Persona (386)
[2017.09.10-23.28.50:625][773]LogModuleManager: Shutting down and abandoning module AdvancedPreviewScene (385)
[2017.09.10-23.28.50:625][773]LogModuleManager: Shutting down and abandoning module AnimGraph (383)
[2017.09.10-23.28.50:625][773]LogModuleManager: Shutting down and abandoning module Kismet (380)
[2017.09.10-23.28.50:625][773]LogModuleManager: Shutting down and abandoning module ClassViewer (378)
[2017.09.10-23.28.50:625][773]LogModuleManager: Shutting down and abandoning module Toolbox (376)
[2017.09.10-23.28.50:625][773]LogModuleManager: Shutting down and abandoning module ModuleUI (374)
[2017.09.10-23.28.50:625][773]LogModuleManager: Shutting down and abandoning module MovieSceneTools (372)
[2017.09.10-23.28.50:625][773]LogModuleManager: Shutting down and abandoning module OutputLog (370)
[2017.09.10-23.28.50:625][773]LogModuleManager: Shutting down and abandoning module GammaUI (368)
[2017.09.10-23.28.50:625][773]LogModuleManager: Shutting down and abandoning module Documentation (366)
[2017.09.10-23.28.50:625][773]LogModuleManager: Shutting down and abandoning module MovieSceneTracks (364)
[2017.09.10-23.28.50:625][773]LogModuleManager: Shutting down and abandoning module MovieScene (362)
[2017.09.10-23.28.50:625][773]LogModuleManager: Shutting down and abandoning module Niagara (360)
[2017.09.10-23.28.50:625][773]LogModuleManager: Shutting down and abandoning module NiagaraEditor (359)
[2017.09.10-23.28.50:625][773]LogModuleManager: Shutting down and abandoning module StreamingPauseRendering (356)
[2017.09.10-23.28.50:625][773]LogModuleManager: Shutting down and abandoning module LauncherPlatform (354)
[2017.09.10-23.28.50:625][773]LogModuleManager: Shutting down and abandoning module AnalyticsET (352)
[2017.09.10-23.28.50:625][773]LogModuleManager: Shutting down and abandoning module PortalServices (350)
[2017.09.10-23.28.50:626][773]LogModuleManager: Shutting down and abandoning module PortalRpc (348)
[2017.09.10-23.28.50:626][773]LogModuleManager: Shutting down and abandoning module MessagingRpc (346)
[2017.09.10-23.28.50:626][773]LogModuleManager: Shutting down and abandoning module AIModule (344)
[2017.09.10-23.28.50:626][773]LogModuleManager: Shutting down and abandoning module GameplayDebugger (343)
[2017.09.10-23.28.50:626][773]LogModuleManager: Shutting down and abandoning module AITestSuite (341)
[2017.09.10-23.28.50:626][773]LogModuleManager: Shutting down and abandoning module ProfilerService (338)
[2017.09.10-23.28.50:796][773]LogModuleManager: Shutting down and abandoning module TaskGraph (336)
[2017.09.10-23.28.50:796][773]LogModuleManager: Shutting down and abandoning module SteamVRController (334)
[2017.09.10-23.28.50:796][773]LogModuleManager: Shutting down and abandoning module ProceduralMeshComponentEditor (332)
[2017.09.10-23.28.50:796][773]LogModuleManager: Shutting down and abandoning module ProceduralMeshComponent (330)
[2017.09.10-23.28.50:796][773]LogModuleManager: Shutting down and abandoning module OculusInput (328)
[2017.09.10-23.28.50:796][773]LogModuleManager: Shutting down and abandoning module MobilePatchingUtils (326)
[2017.09.10-23.28.50:796][773]LogModuleManager: Shutting down and abandoning module CustomMeshComponent (324)
[2017.09.10-23.28.50:796][773]LogModuleManager: Shutting down and abandoning module CableComponent (322)
[2017.09.10-23.28.50:796][773]LogModuleManager: Shutting down and abandoning module ArchVisCharacter (320)
[2017.09.10-23.28.50:796][773]LogModuleManager: Shutting down and abandoning module AndroidPermission (318)
[2017.09.10-23.28.50:796][773]LogModuleManager: Shutting down and abandoning module MediaPlayerEditor (314)
[2017.09.10-23.28.50:796][773]LogModuleManager: Shutting down and abandoning module HTML5Networking (312)
[2017.09.10-23.28.50:796][773]LogModuleManager: Shutting down and abandoning module AlembicImporter (310)
[2017.09.10-23.28.50:796][773]LogModuleManager: Shutting down and abandoning module AlembicLibrary (309)
[2017.09.10-23.28.50:796][773]LogModuleManager: Shutting down and abandoning module GeometryCache (308)
[2017.09.10-23.28.50:796][773]LogModuleManager: Shutting down and abandoning module GeometryCacheEd (307)
[2017.09.10-23.28.50:797][773]LogModuleManager: Shutting down and abandoning module SpeedTreeImporter (302)
[2017.09.10-23.28.50:797][773]LogModuleManager: Shutting down and abandoning module PluginBrowser (300)
[2017.09.10-23.28.50:797][773]LogModuleManager: Shutting down and abandoning module MobileLauncherProfileWizard (298)
[2017.09.10-23.28.50:797][773]LogModuleManager: Shutting down and abandoning module VisualStudioSourceCodeAccess (296)
[2017.09.10-23.28.50:797][773]LogModuleManager: Shutting down and abandoning module DesktopPlatform (295)
[2017.09.10-23.28.50:797][773]LogModuleManager: Shutting down and abandoning module UObjectPlugin (292)
[2017.09.10-23.28.50:797][773]LogModuleManager: Shutting down and abandoning module SubversionSourceControl (290)
[2017.09.10-23.28.50:797][773]LogModuleManager: Shutting down and abandoning module PerforceSourceControl (288)
[2017.09.10-23.28.50:797][773]LogModuleManager: Shutting down and abandoning module GitSourceControl (286)
[2017.09.10-23.28.50:797][773]LogModuleManager: Shutting down and abandoning module SourceControl (285)
[2017.09.10-23.28.50:797][773]LogModuleManager: Shutting down and abandoning module LightPropagationVolumeEditor (282)
[2017.09.10-23.28.50:797][773]LogModuleManager: Shutting down and abandoning module PaperTiledImporter (280)
[2017.09.10-23.28.50:797][773]LogModuleManager: Shutting down and abandoning module PaperSpriteSheetImporter (278)
[2017.09.10-23.28.50:797][773]LogModuleManager: Shutting down and abandoning module Paper2DEditor (276)
[2017.09.10-23.28.50:797][773]LogModuleManager: Shutting down and abandoning module MeshPaint (275)
[2017.09.10-23.28.50:797][773]LogModuleManager: Shutting down and abandoning module LevelEditor (273)
[2017.09.10-23.28.50:798][773]LogModuleManager: Shutting down and abandoning module PixelInspectorModule (272)
[2017.09.10-23.28.50:798][773]LogModuleManager: Shutting down and abandoning module MainFrame (270)
[2017.09.10-23.28.50:798][773]LogModuleManager: Shutting down and abandoning module HotReload (269)
[2017.09.10-23.28.50:798][773]LogModuleManager: Shutting down and abandoning module RuntimePhysXCooking (264)
[2017.09.10-23.28.50:798][773]LogModuleManager: Shutting down and abandoning module PhysXVehiclesEditor (262)
[2017.09.10-23.28.50:798][773]LogModuleManager: Shutting down and abandoning module PhysXVehicles (260)
[2017.09.10-23.28.50:798][773]LogModuleManager: Shutting down and abandoning module OculusEditor (258)
[2017.09.10-23.28.50:798][773]LogModuleManager: Shutting down and abandoning module LocationServicesBPLibrary (256)
[2017.09.10-23.28.50:798][773]LogModuleManager: Shutting down and abandoning module ImmediatePhysicsEditor (254)
[2017.09.10-23.28.50:798][773]LogModuleManager: Shutting down and abandoning module ImmediatePhysics (252)
[2017.09.10-23.28.50:798][773]LogModuleManager: Shutting down and abandoning module UdpMessaging (250)
[2017.09.10-23.28.50:899][773]LogModuleManager: Shutting down and abandoning module TcpMessaging (248)
[2017.09.10-23.28.51:000][773]LogModuleManager: Shutting down and abandoning module GameplayTagsEditor (246)
[2017.09.10-23.28.51:000][773]LogModuleManager: Shutting down and abandoning module FacialAnimationEditor (244)
[2017.09.10-23.28.51:000][773]LogModuleManager: Shutting down and abandoning module FacialAnimation (242)
[2017.09.10-23.28.51:000][773]LogModuleManager: Shutting down and abandoning module AssetManagerEditor (240)
[2017.09.10-23.28.51:000][773]LogModuleManager: Shutting down and abandoning module GraphEditor (239)
[2017.09.10-23.28.51:000][773]LogModuleManager: Shutting down and abandoning module ContentBrowser (237)
[2017.09.10-23.28.51:001][773]LogModuleManager: Shutting down and abandoning module LightPropagationVolumeRuntime (234)
[2017.09.10-23.28.51:001][773]LogModuleManager: Shutting down and abandoning module Paper2D (232)
[2017.09.10-23.28.51:001][773]LogModuleManager: Shutting down and abandoning module WindowsMoviePlayer (230)
[2017.09.10-23.28.51:001][773]LogModuleManager: Shutting down and abandoning module WmfMedia (228)
[2017.09.10-23.28.51:001][773]LogModuleManager: Shutting down and abandoning module PacketHandler (226)
[2017.09.10-23.28.51:001][773]LogModuleManager: Shutting down and abandoning module ClothingSystemEditor (224)
[2017.09.10-23.28.51:001][773]LogModuleManager: Shutting down and abandoning module ClothingSystemRuntime (222)
[2017.09.10-23.28.51:001][773]LogModuleManager: Shutting down and abandoning module Overlay (220)
[2017.09.10-23.28.51:001][773]LogModuleManager: Shutting down and abandoning module OverlayEditor (219)
[2017.09.10-23.28.51:001][773]LogModuleManager: Shutting down and abandoning module MediaAssets (216)
[2017.09.10-23.28.51:001][773]LogModuleManager: Shutting down and abandoning module VREditor (214)
[2017.09.10-23.28.51:001][773]LogModuleManager: Shutting down and abandoning module StringTableEditor (212)
[2017.09.10-23.28.51:001][773]LogModuleManager: Shutting down and abandoning module GameplayTasksEditor (210)
[2017.09.10-23.28.51:001][773]LogModuleManager: Shutting down and abandoning module BehaviorTreeEditor (208)
[2017.09.10-23.28.51:001][773]LogModuleManager: Shutting down and abandoning module FunctionalTesting (206)
[2017.09.10-23.28.51:001][773]LogModuleManager: Shutting down and abandoning module CollisionAnalyzer (204)
[2017.09.10-23.28.51:001][773]LogModuleManager: Shutting down and abandoning module WorkspaceMenuStructure (203)
[2017.09.10-23.28.51:001][773]LogModuleManager: Shutting down and abandoning module UMG (200)
[2017.09.10-23.28.51:001][773]LogModuleManager: Shutting down and abandoning module UMGEditor (199)
[2017.09.10-23.28.51:001][773]LogModuleManager: Shutting down and abandoning module Sequencer (198)
[2017.09.10-23.28.51:001][773]LogModuleManager: Shutting down and abandoning module MessageLog (195)
[2017.09.10-23.28.51:001][773]LogModuleManager: Shutting down and abandoning module SlateReflector (190)
[2017.09.10-23.28.51:001][773]LogModuleManager: Shutting down and abandoning module Slate (188)
[2017.09.10-23.28.51:001][773]LogModuleManager: Shutting down and abandoning module EditorStyle (186)
[2017.09.10-23.28.51:004][773]LogModuleManager: Shutting down and abandoning module MRMesh (184)
[2017.09.10-23.28.51:004][773]LogModuleManager: Shutting down and abandoning module SourceCodeAccess (182)
[2017.09.10-23.28.51:004][773]LogModuleManager: Shutting down and abandoning module HeadMountedDisplay (180)
[2017.09.10-23.28.51:004][773]LogModuleManager: Shutting down and abandoning module XAudio2 (178)
[2017.09.10-23.28.51:004][773]LogModuleManager: Shutting down and abandoning module Networking (176)
[2017.09.10-23.28.51:004][773]LogModuleManager: Shutting down and abandoning module Core (172)
[2017.09.10-23.28.51:005][773]LogModuleManager: Shutting down and abandoning module KismetCompiler (168)
[2017.09.10-23.28.51:005][773]LogModuleManager: Shutting down and abandoning module LevelSequence (166)
[2017.09.10-23.28.51:005][773]LogModuleManager: Shutting down and abandoning module MeshUtilities (164)
[2017.09.10-23.28.51:005][773]LogModuleManager: Shutting down and abandoning module MeshMergeUtilities (163)
[2017.09.10-23.28.51:005][773]LogModuleManager: Shutting down and abandoning module MeshReductionInterface (162)
[2017.09.10-23.28.51:005][773]LogModuleManager: Shutting down and abandoning module SimplygonSwarm (161)
[2017.09.10-23.28.51:005][773]LogModuleManager: Shutting down and abandoning module SimplygonMeshReduction (159)
[2017.09.10-23.28.51:005][773]LogModuleManager: Shutting down and abandoning module QuadricMeshReduction (157)
[2017.09.10-23.28.51:005][773]LogModuleManager: Shutting down and abandoning module MaterialBaking (153)
[2017.09.10-23.28.51:005][773]LogModuleManager: Shutting down and abandoning module DirectoryWatcher (150)
[2017.09.10-23.28.51:005][773]LogModuleManager: Shutting down and abandoning module DerivedDataCache (148)
[2017.09.10-23.28.51:080][773]LogDerivedDataCache: Shutdown
[2017.09.10-23.28.51:080][773]LogModuleManager: Shutting down and abandoning module TargetPlatform (146)
[2017.09.10-23.28.51:080][773]LogModuleManager: Shutting down and abandoning module VulkanShaderFormat (145)
[2017.09.10-23.28.51:080][773]LogModuleManager: Shutting down and abandoning module ShaderFormatVectorVM (143)
[2017.09.10-23.28.51:080][773]LogModuleManager: Shutting down and abandoning module ShaderFormatOpenGL (141)
[2017.09.10-23.28.51:080][773]LogModuleManager: Shutting down and abandoning module ShaderFormatD3D (139)
[2017.09.10-23.28.51:080][773]LogModuleManager: Shutting down and abandoning module MetalShaderFormat (137)
[2017.09.10-23.28.51:080][773]LogModuleManager: Shutting down and abandoning module TextureFormatUncompressed (135)
[2017.09.10-23.28.51:080][773]LogModuleManager: Shutting down and abandoning module TextureFormatPVR (133)
[2017.09.10-23.28.51:080][773]LogModuleManager: Shutting down and abandoning module TextureFormatDXT (131)
[2017.09.10-23.28.51:080][773]LogModuleManager: Shutting down and abandoning module TextureFormatIntelISPCTexComp (129)
[2017.09.10-23.28.51:080][773]LogModuleManager: Shutting down and abandoning module TextureFormatASTC (127)
[2017.09.10-23.28.51:080][773]LogModuleManager: Shutting down and abandoning module ImageWrapper (126)
[2017.09.10-23.28.51:081][773]LogModuleManager: Shutting down and abandoning module TextureFormatAndroid (123)
[2017.09.10-23.28.51:081][773]LogModuleManager: Shutting down and abandoning module AudioFormatOpus (121)
[2017.09.10-23.28.51:081][773]LogModuleManager: Shutting down and abandoning module AudioFormatOgg (119)
[2017.09.10-23.28.51:081][773]LogModuleManager: Shutting down and abandoning module AudioFormatADPCM (117)
[2017.09.10-23.28.51:081][773]LogModuleManager: Shutting down and abandoning module LinuxTargetPlatform (115)
[2017.09.10-23.28.51:081][773]LogModuleManager: Shutting down and abandoning module LinuxServerTargetPlatform (113)
[2017.09.10-23.28.51:081][773]LogModuleManager: Shutting down and abandoning module LinuxNoEditorTargetPlatform (111)
[2017.09.10-23.28.51:081][773]LogModuleManager: Shutting down and abandoning module LinuxClientTargetPlatform (109)
[2017.09.10-23.28.51:081][773]LogModuleManager: Shutting down and abandoning module TVOSTargetPlatform (107)
[2017.09.10-23.28.51:081][773]LogModuleManager: Shutting down and abandoning module Messaging (105)
[2017.09.10-23.28.51:081][773]LogModuleManager: Shutting down and abandoning module IOSTargetPlatform (103)
[2017.09.10-23.28.51:081][773]LogModuleManager: Shutting down and abandoning module HTML5TargetPlatform (101)
[2017.09.10-23.28.51:081][773]LogModuleManager: Shutting down and abandoning module Android_PVRTCTargetPlatform (99)
[2017.09.10-23.28.51:081][773]LogModuleManager: Shutting down and abandoning module Android_MultiTargetPlatform (97)
[2017.09.10-23.28.51:081][773]LogModuleManager: Shutting down and abandoning module Android_ETC2TargetPlatform (95)
[2017.09.10-23.28.51:081][773]LogModuleManager: Shutting down and abandoning module Android_ETC1TargetPlatform (93)
[2017.09.10-23.28.51:081][773]LogModuleManager: Shutting down and abandoning module Android_DXTTargetPlatform (91)
[2017.09.10-23.28.51:081][773]LogModuleManager: Shutting down and abandoning module Android_ATCTargetPlatform (89)
[2017.09.10-23.28.51:081][773]LogModuleManager: Shutting down and abandoning module Android_ASTCTargetPlatform (87)
[2017.09.10-23.28.51:081][773]LogModuleManager: Shutting down and abandoning module AndroidTargetPlatform (85)
[2017.09.10-23.28.51:081][773]LogModuleManager: Shutting down and abandoning module WindowsTargetPlatform (83)
[2017.09.10-23.28.51:081][773]LogModuleManager: Shutting down and abandoning module WindowsServerTargetPlatform (81)
[2017.09.10-23.28.51:081][773]LogModuleManager: Shutting down and abandoning module WindowsNoEditorTargetPlatform (79)
[2017.09.10-23.28.51:081][773]LogModuleManager: Shutting down and abandoning module WindowsClientTargetPlatform (77)
[2017.09.10-23.28.51:081][773]LogModuleManager: Shutting down and abandoning module MacTargetPlatform (75)
[2017.09.10-23.28.51:081][773]LogModuleManager: Shutting down and abandoning module MacServerTargetPlatform (73)
[2017.09.10-23.28.51:081][773]LogModuleManager: Shutting down and abandoning module MacNoEditorTargetPlatform (71)
[2017.09.10-23.28.51:081][773]LogModuleManager: Shutting down and abandoning module MacClientTargetPlatform (69)
[2017.09.10-23.28.51:081][773]LogModuleManager: Shutting down and abandoning module AllDesktopTargetPlatform (67)
[2017.09.10-23.28.51:081][773]LogModuleManager: Shutting down and abandoning module InputCore (64)
[2017.09.10-23.28.51:081][773]LogModuleManager: Shutting down and abandoning module Settings (62)
[2017.09.10-23.28.51:081][773]LogModuleManager: Shutting down and abandoning module PhysXCooking (60)
[2017.09.10-23.28.51:081][773]LogModuleManager: Shutting down and abandoning module SteamVR (58)
[2017.09.10-23.28.51:081][773]LogModuleManager: Shutting down and abandoning module OculusHMD (56)
[2017.09.10-23.28.51:081][773]LogModuleManager: Shutting down and abandoning module GoogleVRHMD (54)
[2017.09.10-23.28.51:081][773]LogModuleManager: Shutting down and abandoning module GoogleVRController (52)
[2017.09.10-23.28.51:081][773]LogModuleManager: Shutting down and abandoning module ExampleDeviceProfileSelector (50)
[2017.09.10-23.28.51:081][773]LogModuleManager: Shutting down and abandoning module OnlineBlueprintSupport (48)
[2017.09.10-23.28.51:081][773]LogModuleManager: Shutting down and abandoning module OnlineSubsystem (44)
[2017.09.10-23.28.51:081][773]LogOnline: Display: Unloading online subsystem: NULL
[2017.09.10-23.28.51:081][773]LogModuleManager: Shutting down and abandoning module XMPP (43)
[2017.09.10-23.28.51:081][773]LogModuleManager: Shutting down and abandoning module HTTP (41)
[2017.09.10-23.28.51:081][773]LogHttp: Display: Http module shutting down, but needs to wait on 1 outstanding Http requests:
[2017.09.10-23.28.51:081][773]LogHttp: Display: 	verb=[POST] url=[https://datarouter.ol.epicgames.com/datarouter/api/v1/public/data?SessionID=%7B4DFFE066-43CA-0D93-FE62-7585DAFA4F14%7D&AppID=UEEditor.Rocket.Release&AppVersion=4.17.1-3586342%2B%2B%2BUE4%2BRelease-4.17&UserID=39f79cf4476b4728080b76aaf1cd63bc%7Ce23cd722a16f42c184b80f8ec13f5fe0%7Caea0ce82-ee9f-4531-972e-bc1993ec6787&AppEnvironment=datacollector-binary&UploadType=eteventstream] status=Processing
[2017.09.10-23.28.51:084][773]LogModuleManager: Shutting down and abandoning module SSL (40)
[2017.09.10-23.28.51:085][773]LogModuleManager: Shutting down and abandoning module AnimationModifiers (36)
[2017.09.10-23.28.51:085][773]LogModuleManager: Shutting down and abandoning module PropertyEditor (35)
[2017.09.10-23.28.51:085][773]LogModuleManager: Shutting down and abandoning module AudioEditor (32)
[2017.09.10-23.28.51:085][773]LogModuleManager: Shutting down and abandoning module TextureCompressor (30)
[2017.09.10-23.28.51:085][773]LogModuleManager: Shutting down and abandoning module ShaderCore (28)
[2017.09.10-23.28.51:085][773]LogModuleManager: Shutting down and abandoning module Landscape (26)
[2017.09.10-23.28.51:085][773]LogModuleManager: Shutting down and abandoning module SlateRHIRenderer (24)
[2017.09.10-23.28.51:086][773]LogModuleManager: Shutting down and abandoning module OpenGLDrv (22)
[2017.09.10-23.28.51:086][773]LogModuleManager: Shutting down and abandoning module D3D11RHI (20)
[2017.09.10-23.28.51:086][773]LogModuleManager: Shutting down and abandoning module AnimGraphRuntime (18)
[2017.09.10-23.28.51:086][773]LogModuleManager: Shutting down and abandoning module Renderer (16)
[2017.09.10-23.28.51:086][773]LogModuleManager: Shutting down and abandoning module Engine (14)
[2017.09.10-23.28.51:086][773]LogModuleManager: Shutting down and abandoning module CoreUObject (12)
[2017.09.10-23.28.51:086][773]LogModuleManager: Shutting down and abandoning module NetworkFile (10)
[2017.09.10-23.28.51:086][773]LogModuleManager: Shutting down and abandoning module CookedIterativeFile (8)
[2017.09.10-23.28.51:086][773]LogModuleManager: Shutting down and abandoning module StreamingFile (6)
[2017.09.10-23.28.51:086][773]LogModuleManager: Shutting down and abandoning module SandboxFile (4)
[2017.09.10-23.28.51:086][773]LogModuleManager: Shutting down and abandoning module PakFile (2)
[2017.09.10-23.28.51:089][773]LogExit: Exiting.
[2017.09.10-23.28.51:099][773]Log file closed, 09/10/17 16:28:51
